2025-08-08 17:38:33,597 - INFO - 创建CSV记录文件: download_log.csv
2025-08-08 17:42:11,892 - INFO - 用户中断下载
2025-08-08 17:42:11,893 - INFO - ==================================================
2025-08-08 17:42:11,893 - INFO - 下载完成统计:
2025-08-08 17:42:11,893 - INFO - 总处理数量: 0
2025-08-08 17:42:11,893 - INFO - 成功下载: 0
2025-08-08 17:42:11,893 - INFO - 下载失败: 0
2025-08-08 17:42:11,893 - INFO - 跳过文档: 0
2025-08-08 17:42:11,893 - INFO - CSV记录文件: download_log.csv
2025-08-08 17:42:11,893 - INFO - 下载目录: /Users/abc/PycharmProjects/knowledge_base/.venv/output
2025-08-08 17:42:11,893 - INFO - ==================================================
2025-08-10 10:12:12,797 - INFO - 用户中断下载
2025-08-10 10:12:12,799 - INFO - ==================================================
2025-08-10 10:12:12,799 - INFO - 下载完成统计:
2025-08-10 10:12:12,799 - INFO - 总处理数量: 0
2025-08-10 10:12:12,799 - INFO - 成功下载: 0
2025-08-10 10:12:12,799 - INFO - 下载失败: 0
2025-08-10 10:12:12,799 - INFO - 跳过文档: 0
2025-08-10 10:12:12,799 - INFO - CSV记录文件: download_log.csv
2025-08-10 10:12:12,799 - INFO - 下载目录: /Users/abc/PycharmProjects/knowledge_base/.venv/output
2025-08-10 10:12:12,800 - INFO - ==================================================
2025-08-10 10:12:50,925 - INFO - 用户中断下载
2025-08-10 10:12:50,927 - INFO - ==================================================
2025-08-10 10:12:50,927 - INFO - 下载完成统计:
2025-08-10 10:12:50,927 - INFO - 总处理数量: 0
2025-08-10 10:12:50,927 - INFO - 成功下载: 0
2025-08-10 10:12:50,927 - INFO - 下载失败: 0
2025-08-10 10:12:50,927 - INFO - 跳过文档: 0
2025-08-10 10:12:50,927 - INFO - CSV记录文件: download_log.csv
2025-08-10 10:12:50,927 - INFO - 下载目录: /Users/abc/PycharmProjects/knowledge_base/.venv/output
2025-08-10 10:12:50,927 - INFO - ==================================================
2025-08-10 10:38:45,830 - INFO - 成功连接到现有Chrome会话
2025-08-10 10:38:45,832 - INFO - 全局快捷键监听已启动
2025-08-10 10:38:45,832 - INFO - 操作说明: 双击空格键启动，ESC键停止
2025-08-10 10:38:45,832 - INFO - 快捷键控制已启用: 双击空格键启动，ESC键停止
2025-08-10 10:38:45,835 - INFO - 悬浮UI注入成功
2025-08-10 10:38:45,837 - INFO - 飞书文档自动下载器启动
2025-08-10 10:38:45,837 - INFO - 下载目录: /Users/abc/PycharmProjects/knowledge_base/.venv/output
2025-08-10 10:38:45,837 - INFO - 正在获取文档列表...
2025-08-10 10:39:09,086 - INFO - 状态切换: 准备 → 启动
2025-08-10 10:39:09,086 - INFO - 检测到双击空格键 - 启动自动化操作
2025-08-10 10:39:09,086 - INFO - 收到启动信号，开始自动化操作
2025-08-10 10:39:28,127 - WARNING - Connection pool is full, discarding connection: 127.0.0.1. Connection pool size: 1
2025-08-10 10:39:35,213 - WARNING - 当前状态 启动 不允许启动操作
2025-08-10 10:39:36,511 - WARNING - 当前状态 启动 不允许启动操作
2025-08-10 10:39:48,170 - WARNING - 未找到文档链接，请检查页面是否为文档列表页面
2025-08-10 10:39:48,170 - ERROR - 未找到可下载的文档
2025-08-10 10:39:48,171 - INFO - 全局快捷键监听已停止
2025-08-10 10:39:48,174 - INFO - 悬浮UI已移除
2025-08-10 10:39:48,174 - INFO - 清理资源...
2025-08-10 10:53:10,380 - INFO - 成功连接到现有Chrome会话
2025-08-10 10:53:10,383 - INFO - 全局快捷键监听已启动
2025-08-10 10:53:10,384 - INFO - 操作说明: 双击空格键启动，ESC键停止
2025-08-10 10:53:10,384 - INFO - 快捷键控制已启用: 双击空格键启动，ESC键停止
2025-08-10 10:53:10,397 - INFO - 悬浮UI注入成功
2025-08-10 10:53:10,401 - INFO - 飞书文档自动下载器启动
2025-08-10 10:53:10,401 - INFO - 下载目录: /Users/abc/PycharmProjects/knowledge_base/.venv/output
2025-08-10 10:53:10,401 - INFO - 正在获取文档列表...
2025-08-10 10:53:36,893 - ERROR - 展开文件夹失败: Message: stale element reference: stale element not found in the current frame
  (Session info: chrome=139.0.7258.66); For documentation on this error, please visit: https://www.selenium.dev/documentation/webdriver/troubleshooting/errors#stale-element-reference-exception
Stacktrace:
0   chromedriver                        0x0000000104f4f274 cxxbridge1$str$ptr + 2741972
1   chromedriver                        0x0000000104f471e4 cxxbridge1$str$ptr + 2709060
2   chromedriver                        0x0000000104a914fc cxxbridge1$string$len + 90520
3   chromedriver                        0x0000000104a971b4 cxxbridge1$string$len + 114256
4   chromedriver                        0x0000000104a994f8 cxxbridge1$string$len + 123284
5   chromedriver                        0x0000000104a995a0 cxxbridge1$string$len + 123452
6   chromedriver                        0x0000000104ad39d0 cxxbridge1$string$len + 362092
7   chromedriver                        0x0000000104ace2e0 cxxbridge1$string$len + 339836
8   chromedriver                        0x0000000104b19db8 cxxbridge1$string$len + 649812
9   chromedriver                        0x0000000104accd30 cxxbridge1$string$len + 334284
10  chromedriver                        0x0000000104f12674 cxxbridge1$str$ptr + 2493140
11  chromedriver                        0x0000000104f158a8 cxxbridge1$str$ptr + 2505992
12  chromedriver                        0x0000000104ef34ac cxxbridge1$str$ptr + 2365708
13  chromedriver                        0x0000000104f16164 cxxbridge1$str$ptr + 2508228
14  chromedriver                        0x0000000104ee45a4 cxxbridge1$str$ptr + 2304516
15  chromedriver                        0x0000000104f35c80 cxxbridge1$str$ptr + 2638048
16  chromedriver                        0x0000000104f35e0c cxxbridge1$str$ptr + 2638444
17  chromedriver                        0x0000000104f46e30 cxxbridge1$str$ptr + 2708112
18  libsystem_pthread.dylib             0x0000000198e472e4 _pthread_start + 136
19  libsystem_pthread.dylib             0x0000000198e420fc thread_start + 8

2025-08-10 10:53:36,894 - WARNING - 未找到可下载的文档
2025-08-10 10:53:36,894 - ERROR - 未找到可下载的文档
2025-08-10 10:53:36,894 - INFO - 全局快捷键监听已停止
2025-08-10 10:53:36,903 - INFO - 悬浮UI已移除
2025-08-10 10:53:36,903 - INFO - 清理资源...
2025-08-10 10:54:29,131 - INFO - 成功连接到现有Chrome会话
2025-08-10 10:54:29,133 - INFO - 全局快捷键监听已启动
2025-08-10 10:54:29,133 - INFO - 操作说明: 双击空格键启动，ESC键停止
2025-08-10 10:54:29,133 - INFO - 快捷键控制已启用: 双击空格键启动，ESC键停止
2025-08-10 10:54:29,139 - INFO - 悬浮UI注入成功
2025-08-10 10:54:29,144 - INFO - 飞书文档自动下载器启动
2025-08-10 10:54:29,144 - INFO - 下载目录: /Users/abc/PycharmProjects/knowledge_base/.venv/output
2025-08-10 10:54:29,144 - INFO - 正在获取文档列表...
2025-08-10 10:54:45,159 - ERROR - 展开文件夹失败: Message: stale element reference: stale element not found in the current frame
  (Session info: chrome=139.0.7258.66); For documentation on this error, please visit: https://www.selenium.dev/documentation/webdriver/troubleshooting/errors#stale-element-reference-exception
Stacktrace:
0   chromedriver                        0x0000000100f8b274 cxxbridge1$str$ptr + 2741972
1   chromedriver                        0x0000000100f831e4 cxxbridge1$str$ptr + 2709060
2   chromedriver                        0x0000000100acd4fc cxxbridge1$string$len + 90520
3   chromedriver                        0x0000000100ad31b4 cxxbridge1$string$len + 114256
4   chromedriver                        0x0000000100ad54f8 cxxbridge1$string$len + 123284
5   chromedriver                        0x0000000100ad55a0 cxxbridge1$string$len + 123452
6   chromedriver                        0x0000000100b0f9d0 cxxbridge1$string$len + 362092
7   chromedriver                        0x0000000100b0a2e0 cxxbridge1$string$len + 339836
8   chromedriver                        0x0000000100b55db8 cxxbridge1$string$len + 649812
9   chromedriver                        0x0000000100b08d30 cxxbridge1$string$len + 334284
10  chromedriver                        0x0000000100f4e674 cxxbridge1$str$ptr + 2493140
11  chromedriver                        0x0000000100f518a8 cxxbridge1$str$ptr + 2505992
12  chromedriver                        0x0000000100f2f4ac cxxbridge1$str$ptr + 2365708
13  chromedriver                        0x0000000100f52164 cxxbridge1$str$ptr + 2508228
14  chromedriver                        0x0000000100f205a4 cxxbridge1$str$ptr + 2304516
15  chromedriver                        0x0000000100f71c80 cxxbridge1$str$ptr + 2638048
16  chromedriver                        0x0000000100f71e0c cxxbridge1$str$ptr + 2638444
17  chromedriver                        0x0000000100f82e30 cxxbridge1$str$ptr + 2708112
18  libsystem_pthread.dylib             0x0000000198e472e4 _pthread_start + 136
19  libsystem_pthread.dylib             0x0000000198e420fc thread_start + 8

2025-08-10 10:54:45,160 - WARNING - 未找到可下载的文档
2025-08-10 10:54:45,160 - ERROR - 未找到可下载的文档
2025-08-10 10:54:45,161 - INFO - 全局快捷键监听已停止
2025-08-10 10:54:45,174 - INFO - 悬浮UI已移除
2025-08-10 10:54:45,174 - INFO - 清理资源...
2025-08-10 10:57:14,683 - INFO - 成功连接到现有Chrome会话
2025-08-10 10:57:14,687 - INFO - 全局快捷键监听已启动
2025-08-10 10:57:14,687 - INFO - 操作说明: 双击空格键启动，ESC键停止
2025-08-10 10:57:14,687 - INFO - 快捷键控制已启用: 双击空格键启动，ESC键停止
2025-08-10 10:57:14,694 - INFO - 悬浮UI注入成功
2025-08-10 10:57:14,700 - INFO - 飞书文档自动下载器启动
2025-08-10 10:57:14,701 - INFO - 下载目录: /Users/abc/PycharmProjects/knowledge_base/.venv/output
2025-08-10 10:57:14,701 - INFO - 正在获取文档列表...
2025-08-10 10:57:46,742 - INFO - 共找到 4 个文档可下载
2025-08-10 10:57:46,743 - INFO - 找到 4 个文档
2025-08-10 10:57:46,743 - INFO - 等待用户操作...
2025-08-10 10:57:46,743 - INFO - 双击空格键开始下载，ESC键可随时停止
2025-08-10 11:10:15,045 - INFO - 成功连接到现有Chrome会话
2025-08-10 11:10:15,047 - INFO - 全局快捷键监听已启动
2025-08-10 11:10:15,047 - INFO - 操作说明: 双击空格键启动，ESC键停止
2025-08-10 11:10:15,047 - INFO - 快捷键控制已启用: 双击空格键启动，ESC键停止
2025-08-10 11:10:15,050 - INFO - 悬浮UI注入成功
2025-08-10 11:10:15,053 - INFO - 飞书文档自动下载器启动
2025-08-10 11:10:15,053 - INFO - 下载目录: /Users/abc/PycharmProjects/knowledge_base/.venv/output
2025-08-10 11:10:15,053 - INFO - 正在获取文档列表...
2025-08-10 11:10:47,118 - INFO - 共找到 4 个文档可下载
2025-08-10 11:10:47,119 - INFO - 找到 4 个文档
2025-08-10 11:10:47,119 - INFO - 等待用户操作...
2025-08-10 11:10:47,119 - INFO - 双击空格键开始下载，ESC键可随时停止
2025-08-10 11:10:52,665 - INFO - 状态切换: 准备 → 启动
2025-08-10 11:10:52,665 - INFO - 检测到双击空格键 - 启动自动化操作
2025-08-10 11:10:52,665 - INFO - 收到启动信号，开始自动化操作
2025-08-10 11:10:52,742 - INFO - 处理文档 1/4: 新人办公小贴士
2025-08-10 11:10:52,747 - INFO - 下载知识库文档: 新人办公小贴士
2025-08-10 11:11:47,400 - WARNING - 未找到更多操作按钮
2025-08-10 11:11:47,401 - ERROR - ✗ 文档 1 下载失败
2025-08-10 11:11:47,401 - INFO - 防反爬延迟: 17.3 秒
2025-08-10 11:11:53,241 - INFO - 用户中断下载
2025-08-10 11:11:53,242 - INFO - ==================================================
2025-08-10 11:11:53,242 - INFO - 下载完成统计:
2025-08-10 11:11:53,242 - INFO - 总处理数量: 1
2025-08-10 11:11:53,242 - INFO - 成功下载: 0
2025-08-10 11:11:53,242 - INFO - 下载失败: 0
2025-08-10 11:11:53,242 - INFO - 跳过文档: 0
2025-08-10 11:11:53,242 - INFO - CSV记录文件: download_log.csv
2025-08-10 11:11:53,242 - INFO - 下载目录: /Users/abc/PycharmProjects/knowledge_base/.venv/output
2025-08-10 11:11:53,242 - INFO - ==================================================
2025-08-10 11:11:53,243 - INFO - 全局快捷键监听已停止
2025-08-10 11:11:53,246 - ERROR - 移除悬浮UI失败: Message: 

2025-08-10 11:11:53,246 - INFO - 清理资源...
2025-08-10 11:25:08,941 - INFO - 成功连接到现有Chrome会话
2025-08-10 11:25:08,945 - INFO - 全局快捷键监听已启动
2025-08-10 11:25:08,945 - INFO - 操作说明: 双击空格键启动，ESC键停止
2025-08-10 11:25:08,945 - INFO - 快捷键控制已启用: 双击空格键启动，ESC键停止
2025-08-10 11:25:08,960 - INFO - 悬浮UI注入成功
2025-08-10 11:25:08,964 - INFO - 飞书文档自动下载器启动
2025-08-10 11:25:08,964 - INFO - 下载目录: /Users/abc/PycharmProjects/knowledge_base/.venv/output
2025-08-10 11:25:08,964 - INFO - 正在获取文档列表...
2025-08-10 11:25:41,101 - INFO - 共找到 4 个文档可下载
2025-08-10 11:25:41,101 - INFO - 找到 4 个文档
2025-08-10 11:25:41,102 - INFO - 等待用户操作...
2025-08-10 11:25:41,102 - INFO - 双击空格键开始下载，ESC键可随时停止
2025-08-10 11:27:37,708 - INFO - 成功连接到现有Chrome会话
2025-08-10 11:27:37,710 - INFO - 全局快捷键监听已启动
2025-08-10 11:27:37,710 - INFO - 操作说明: 双击空格键启动，ESC键停止
2025-08-10 11:27:37,710 - INFO - 快捷键控制已启用: 双击空格键启动，ESC键停止
2025-08-10 11:27:37,715 - INFO - 悬浮UI注入成功
2025-08-10 11:27:37,717 - INFO - 飞书文档自动下载器启动
2025-08-10 11:27:37,718 - INFO - 下载目录: /Users/abc/PycharmProjects/knowledge_base/.venv/output
2025-08-10 11:27:37,718 - INFO - 正在获取文档列表...
2025-08-10 11:28:10,584 - INFO - 共找到 4 个文档可下载
2025-08-10 11:28:10,585 - INFO - 找到 4 个文档
2025-08-10 11:28:10,585 - INFO - 等待用户操作...
2025-08-10 11:28:10,585 - INFO - 双击空格键开始下载，ESC键可随时停止
2025-08-10 11:28:21,631 - INFO - 状态切换: 准备 → 启动
2025-08-10 11:28:21,632 - INFO - 检测到双击空格键 - 启动自动化操作
2025-08-10 11:28:21,632 - INFO - 收到启动信号，开始自动化操作
2025-08-10 11:28:21,707 - INFO - 处理文档 1/4: 新人办公小贴士
2025-08-10 11:28:21,714 - INFO - 下载知识库文档: 新人办公小贴士
2025-08-10 11:29:20,946 - INFO - 状态切换: 启动 → 停止
2025-08-10 11:29:20,947 - INFO - 检测到ESC键 - 停止自动化操作
2025-08-10 11:29:20,947 - INFO - 收到停止信号，暂停自动化操作
2025-08-10 11:29:28,639 - WARNING - Connection pool is full, discarding connection: 127.0.0.1. Connection pool size: 1
2025-08-10 11:29:35,981 - INFO - 文档 新人办公小贴士 下载请求已发送
2025-08-10 11:29:35,983 - INFO - ✓ 文档 1 下载成功
2025-08-10 11:29:35,983 - INFO - 防反爬延迟: 12.2 秒
2025-08-10 11:29:48,201 - INFO - 在延迟过程中收到停止信号
2025-08-10 11:29:48,202 - INFO - ==================================================
2025-08-10 11:29:48,202 - INFO - 下载完成统计:
2025-08-10 11:29:48,202 - INFO - 总处理数量: 1
2025-08-10 11:29:48,202 - INFO - 成功下载: 1
2025-08-10 11:29:48,202 - INFO - 下载失败: 0
2025-08-10 11:29:48,202 - INFO - 跳过文档: 0
2025-08-10 11:29:48,202 - INFO - CSV记录文件: download_log.csv
2025-08-10 11:29:48,203 - INFO - 下载目录: /Users/abc/PycharmProjects/knowledge_base/.venv/output
2025-08-10 11:29:48,203 - INFO - ==================================================
2025-08-10 11:29:48,204 - INFO - 全局快捷键监听已停止
2025-08-10 11:29:48,212 - INFO - 悬浮UI已移除
2025-08-10 11:29:48,212 - INFO - 清理资源...
2025-08-10 11:33:43,435 - INFO - 成功连接到现有Chrome会话
2025-08-10 11:33:43,438 - INFO - 全局快捷键监听已启动
2025-08-10 11:33:43,439 - INFO - 操作说明: 双击空格键启动，ESC键停止
2025-08-10 11:33:43,439 - INFO - 快捷键控制已启用: 双击空格键启动，ESC键停止
2025-08-10 11:33:43,453 - INFO - 悬浮UI注入成功
2025-08-10 11:33:43,457 - INFO - 飞书文档自动下载器启动
2025-08-10 11:33:43,457 - INFO - 下载目录: /Users/abc/PycharmProjects/knowledge_base/.venv/output
2025-08-10 11:33:43,457 - INFO - 正在获取文档列表...
2025-08-10 11:34:15,826 - INFO - 共找到 4 个文档可下载
2025-08-10 11:34:15,828 - INFO - 找到 4 个文档
2025-08-10 11:34:15,828 - INFO - 等待用户操作...
2025-08-10 11:34:15,828 - INFO - 双击空格键开始下载，ESC键可随时停止
2025-08-10 11:34:37,744 - INFO - 状态切换: 准备 → 启动
2025-08-10 11:34:37,744 - INFO - 检测到双击空格键 - 启动自动化操作
2025-08-10 11:34:37,744 - INFO - 收到启动信号，开始自动化操作
2025-08-10 11:34:37,831 - INFO - 处理文档 1/4: 新人办公小贴士
2025-08-10 11:34:37,840 - INFO - 下载知识库文档: 新人办公小贴士
2025-08-10 11:37:49,793 - INFO - 成功连接到现有Chrome会话
2025-08-10 11:37:49,797 - INFO - 全局快捷键监听已启动
2025-08-10 11:37:49,797 - INFO - 操作说明: 双击空格键启动，ESC键停止
2025-08-10 11:37:49,797 - INFO - 快捷键控制已启用: 双击空格键启动，ESC键停止
2025-08-10 11:37:49,814 - INFO - 悬浮UI注入成功
2025-08-10 11:37:49,818 - INFO - 飞书文档自动下载器启动
2025-08-10 11:37:49,818 - INFO - 下载目录: /Users/abc/PycharmProjects/knowledge_base/.venv/output
2025-08-10 11:37:49,818 - INFO - 正在获取文档列表...
2025-08-10 11:37:53,164 - WARNING - 未找到可下载的文档
2025-08-10 11:37:53,164 - ERROR - 未找到可下载的文档
2025-08-10 11:37:53,164 - INFO - 全局快捷键监听已停止
2025-08-10 11:37:53,169 - INFO - 悬浮UI已移除
2025-08-10 11:37:53,169 - INFO - 清理资源...
2025-08-10 15:25:11,238 - INFO - 成功连接到现有Chrome会话
2025-08-10 15:25:11,243 - INFO - 全局快捷键监听已启动
2025-08-10 15:25:11,243 - INFO - 操作说明: 双击空格键启动，ESC键停止
2025-08-10 15:25:11,243 - INFO - 快捷键控制已启用: 双击空格键启动，ESC键停止
2025-08-10 15:25:11,263 - INFO - 悬浮UI注入成功
2025-08-10 15:25:11,267 - INFO - 飞书文档自动下载器启动
2025-08-10 15:25:11,267 - INFO - 下载目录: /Users/abc/PycharmProjects/knowledge_base/.venv/output
2025-08-10 15:25:11,267 - INFO - 正在获取文档列表...
2025-08-10 15:25:36,548 - INFO - 用户中断下载
2025-08-10 15:25:36,549 - INFO - ==================================================
2025-08-10 15:25:36,549 - INFO - 下载完成统计:
2025-08-10 15:25:36,549 - INFO - 总处理数量: 0
2025-08-10 15:25:36,549 - INFO - 成功下载: 0
2025-08-10 15:25:36,549 - INFO - 下载失败: 0
2025-08-10 15:25:36,549 - INFO - 跳过文档: 0
2025-08-10 15:25:36,549 - INFO - CSV记录文件: download_log.csv
2025-08-10 15:25:36,549 - INFO - 下载目录: /Users/abc/PycharmProjects/knowledge_base/.venv/output
2025-08-10 15:25:36,549 - INFO - ==================================================
2025-08-10 15:25:36,550 - INFO - 全局快捷键监听已停止
2025-08-10 15:25:36,553 - ERROR - 移除悬浮UI失败: Message: 

2025-08-10 15:25:36,553 - INFO - 清理资源...
2025-08-10 15:25:44,100 - INFO - 成功连接到现有Chrome会话
2025-08-10 15:25:44,102 - INFO - 全局快捷键监听已启动
2025-08-10 15:25:44,102 - INFO - 操作说明: 双击空格键启动，ESC键停止
2025-08-10 15:25:44,102 - INFO - 快捷键控制已启用: 双击空格键启动，ESC键停止
2025-08-10 15:25:44,114 - INFO - 悬浮UI注入成功
2025-08-10 15:25:44,118 - INFO - 飞书文档自动下载器启动
2025-08-10 15:25:44,118 - INFO - 下载目录: /Users/abc/PycharmProjects/knowledge_base/.venv/output
2025-08-10 15:25:44,118 - INFO - 正在获取文档列表...
2025-08-10 15:25:46,600 - INFO - 状态切换: 准备 → 启动
2025-08-10 15:25:46,600 - INFO - 检测到双击空格键 - 启动自动化操作
2025-08-10 15:25:46,600 - INFO - 收到启动信号，开始自动化操作
2025-08-10 15:26:48,253 - WARNING - 未找到文档链接，请检查页面是否为文档列表页面
2025-08-10 15:26:48,254 - ERROR - 未找到可下载的文档
2025-08-10 15:26:48,255 - INFO - 全局快捷键监听已停止
2025-08-10 15:26:48,261 - INFO - 悬浮UI已移除
2025-08-10 15:26:48,261 - INFO - 清理资源...
2025-08-10 15:59:21,858 - INFO - 无法连接现有Chrome会话，启动新会话
2025-08-10 15:59:23,582 - WARNING - 请确保在新打开的浏览器中登录飞书账号
2025-08-10 15:59:23,586 - INFO - 全局快捷键监听已启动
2025-08-10 15:59:23,586 - INFO - 操作说明: 双击空格键启动，ESC键停止
2025-08-10 15:59:23,586 - INFO - 快捷键控制已启用: 双击空格键启动，ESC键停止
2025-08-10 15:59:23,592 - INFO - 悬浮UI注入成功
2025-08-10 15:59:23,596 - INFO - 飞书文档自动下载器启动
2025-08-10 15:59:23,596 - INFO - 下载目录: /Users/abc/PycharmProjects/knowledge_base/.venv/output
2025-08-10 15:59:23,596 - INFO - 正在获取文档列表...
2025-08-10 16:00:04,831 - INFO - 用户中断下载
2025-08-10 16:00:04,832 - INFO - ==================================================
2025-08-10 16:00:04,832 - INFO - 下载完成统计:
2025-08-10 16:00:04,832 - INFO - 总处理数量: 0
2025-08-10 16:00:04,832 - INFO - 成功下载: 0
2025-08-10 16:00:04,832 - INFO - 下载失败: 0
2025-08-10 16:00:04,832 - INFO - 跳过文档: 0
2025-08-10 16:00:04,832 - INFO - CSV记录文件: download_log.csv
2025-08-10 16:00:04,832 - INFO - 下载目录: /Users/abc/PycharmProjects/knowledge_base/.venv/output
2025-08-10 16:00:04,832 - INFO - ==================================================
2025-08-10 16:00:04,834 - INFO - 全局快捷键监听已停止
2025-08-10 16:00:04,837 - ERROR - 移除悬浮UI失败: Message: 

2025-08-10 16:00:04,838 - INFO - 清理资源...
2025-08-10 16:01:17,995 - INFO - 无法连接现有Chrome会话，启动新会话
2025-08-10 16:01:19,427 - WARNING - 请确保在新打开的浏览器中登录飞书账号
2025-08-10 16:01:19,430 - INFO - 全局快捷键监听已启动
2025-08-10 16:01:19,430 - INFO - 操作说明: 双击空格键启动，ESC键停止
2025-08-10 16:01:19,430 - INFO - 快捷键控制已启用: 双击空格键启动，ESC键停止
2025-08-10 16:01:19,437 - INFO - 悬浮UI注入成功
2025-08-10 16:01:19,440 - INFO - 飞书文档自动下载器启动
2025-08-10 16:01:19,440 - INFO - 下载目录: /Users/abc/PycharmProjects/knowledge_base/.venv/output
2025-08-10 16:01:19,440 - INFO - 正在获取文档列表...
2025-08-10 16:02:23,311 - WARNING - 未找到文档链接，请检查页面是否为文档列表页面
2025-08-10 16:02:23,312 - ERROR - 未找到可下载的文档
2025-08-10 16:02:23,313 - INFO - 全局快捷键监听已停止
2025-08-10 16:02:23,319 - INFO - 悬浮UI已移除
2025-08-10 16:02:23,320 - INFO - 清理资源...
2025-08-10 16:08:36,677 - INFO - 无法连接现有Chrome会话，启动新会话
2025-08-10 16:08:38,525 - WARNING - 请确保在新打开的浏览器中登录飞书账号
2025-08-10 16:08:38,527 - INFO - 全局快捷键监听已启动
2025-08-10 16:08:38,527 - INFO - 操作说明: 双击空格键启动，ESC键停止
2025-08-10 16:08:38,527 - INFO - 快捷键控制已启用: 双击空格键启动，ESC键停止
2025-08-10 16:08:38,548 - INFO - 悬浮UI注入成功
2025-08-10 16:08:38,566 - INFO - 飞书文档自动下载器启动
2025-08-10 16:08:38,566 - INFO - 下载目录: /Users/abc/PycharmProjects/knowledge_base/.venv/output
2025-08-10 16:08:38,566 - INFO - 正在获取文档列表...
2025-08-10 16:09:41,803 - WARNING - 未找到文档链接，请检查页面是否为文档列表页面
2025-08-10 16:09:41,804 - ERROR - 未找到可下载的文档
2025-08-10 16:09:41,806 - INFO - 全局快捷键监听已停止
2025-08-10 16:09:41,812 - INFO - 悬浮UI已移除
2025-08-10 16:09:41,812 - INFO - 清理资源...
2025-08-10 17:52:08,807 - INFO - 成功连接到现有Chrome会话
2025-08-10 17:52:08,809 - INFO - 全局快捷键监听已启动
2025-08-10 17:52:08,809 - INFO - 操作说明: 双击空格键启动，ESC键停止
2025-08-10 17:52:08,809 - INFO - 快捷键控制已启用: 双击空格键启动，ESC键停止
2025-08-10 17:52:08,819 - INFO - 悬浮UI注入成功
2025-08-10 17:52:08,823 - INFO - 飞书文档自动下载器启动
2025-08-10 17:52:08,823 - INFO - 下载目录: /Users/abc/PycharmProjects/knowledge_base/.venv/output
2025-08-10 17:52:08,823 - INFO - 正在获取文档列表...
2025-08-10 17:52:32,396 - WARNING - 未找到文档链接，请检查页面是否为文档列表页面
2025-08-10 17:52:32,396 - ERROR - 未找到可下载的文档
2025-08-10 17:52:32,396 - INFO - 全局快捷键监听已停止
2025-08-10 17:52:32,397 - ERROR - 移除悬浮UI失败: Message: 

2025-08-10 17:52:32,397 - INFO - 清理资源...
2025-08-10 17:52:40,513 - INFO - 成功连接到现有Chrome会话
2025-08-10 17:52:40,516 - INFO - 全局快捷键监听已启动
2025-08-10 17:52:40,516 - INFO - 操作说明: 双击空格键启动，ESC键停止
2025-08-10 17:52:40,516 - INFO - 快捷键控制已启用: 双击空格键启动，ESC键停止
2025-08-10 17:52:40,529 - INFO - 悬浮UI注入成功
2025-08-10 17:52:40,534 - INFO - 飞书文档自动下载器启动
2025-08-10 17:52:40,534 - INFO - 下载目录: /Users/abc/PycharmProjects/knowledge_base/.venv/output
2025-08-10 17:52:40,534 - INFO - 正在获取文档列表...
2025-08-10 17:52:45,128 - INFO - 状态切换: 准备 → 启动
2025-08-10 17:52:45,128 - INFO - 检测到双击空格键 - 启动自动化操作
2025-08-10 17:52:45,128 - INFO - 收到启动信号，开始自动化操作
2025-08-10 17:53:04,442 - WARNING - Connection pool is full, discarding connection: 127.0.0.1. Connection pool size: 1
2025-08-10 17:53:34,936 - INFO - 用户中断下载
2025-08-10 17:53:34,936 - INFO - ==================================================
2025-08-10 17:53:34,937 - INFO - 下载完成统计:
2025-08-10 17:53:34,937 - INFO - 总处理数量: 0
2025-08-10 17:53:34,937 - INFO - 成功下载: 0
2025-08-10 17:53:34,938 - INFO - 下载失败: 0
2025-08-10 17:53:34,938 - INFO - 跳过文档: 0
2025-08-10 17:53:34,938 - INFO - CSV记录文件: download_log.csv
2025-08-10 17:53:34,938 - INFO - 下载目录: /Users/abc/PycharmProjects/knowledge_base/.venv/output
2025-08-10 17:53:34,938 - INFO - ==================================================
2025-08-10 17:53:34,939 - INFO - 全局快捷键监听已停止
2025-08-10 17:53:34,943 - ERROR - 移除悬浮UI失败: Message: 

2025-08-10 17:53:34,944 - INFO - 清理资源...
2025-08-10 18:04:33,685 - INFO - 成功连接到现有Chrome会话
2025-08-10 18:04:33,688 - INFO - 全局快捷键监听已启动
2025-08-10 18:04:33,688 - INFO - 操作说明: 双击空格键启动，ESC键停止
2025-08-10 18:04:33,688 - INFO - 快捷键控制已启用: 双击空格键启动，ESC键停止
2025-08-10 18:04:33,704 - INFO - 悬浮UI注入成功
2025-08-10 18:04:33,708 - INFO - 飞书文档自动下载器启动
2025-08-10 18:04:33,708 - INFO - 下载目录: /Users/abc/PycharmProjects/knowledge_base/.venv/output
2025-08-10 18:04:33,708 - INFO - 正在获取文档列表...
2025-08-10 18:04:36,491 - INFO - 状态切换: 准备 → 启动
2025-08-10 18:04:36,493 - INFO - 检测到双击空格键 - 启动自动化操作
2025-08-10 18:04:36,493 - INFO - 收到启动信号，开始自动化操作
2025-08-10 18:04:56,411 - WARNING - Connection pool is full, discarding connection: 127.0.0.1. Connection pool size: 1
2025-08-10 18:05:36,499 - WARNING - 未找到文档链接，请检查页面是否为文档列表页面
2025-08-10 18:05:36,499 - ERROR - 未找到可下载的文档
2025-08-10 18:05:36,500 - INFO - 全局快捷键监听已停止
2025-08-10 18:05:36,508 - INFO - 悬浮UI已移除
2025-08-10 18:05:36,508 - INFO - 清理资源...
2025-08-10 18:20:03,851 - INFO - ============================================================
2025-08-10 18:20:03,852 - INFO - 🚀 飞书文档自动下载器 v2.0 启动
2025-08-10 18:20:03,852 - INFO - ============================================================
2025-08-10 18:20:03,852 - INFO - 正在设置Chrome浏览器连接...
2025-08-10 18:20:04,460 - INFO - ✅ 成功连接到现有Chrome会话 (端口 9222)
2025-08-10 18:20:04,477 - INFO - ✅ Chrome浏览器设置完成
2025-08-10 18:20:04,478 - INFO - 全局快捷键监听已启动
2025-08-10 18:20:04,478 - INFO - 操作说明: 双击空格键启动，ESC键停止
2025-08-10 18:20:04,478 - INFO - 🎮 快捷键控制已启用: 双击空格键启动，ESC键停止
2025-08-10 18:20:04,482 - INFO - 悬浮UI注入成功
2025-08-10 18:20:04,486 - INFO - 🎛️ 悬浮状态UI已激活
2025-08-10 18:20:04,486 - INFO - 📁 下载目录: /Users/abc/PycharmProjects/knowledge_base/.venv/output
2025-08-10 18:20:04,486 - INFO - 🔍 正在扫描文档列表...
2025-08-10 18:20:11,150 - INFO - 选择器 'a[href*='/wiki/']' 找到 1 个有效链接
2025-08-10 18:20:11,591 - INFO - 状态切换: 准备 → 启动
2025-08-10 18:20:11,592 - INFO - 检测到双击空格键 - 启动自动化操作
2025-08-10 18:20:11,592 - INFO - 收到启动信号，开始自动化操作
2025-08-10 18:20:21,211 - WARNING - Connection pool is full, discarding connection: 127.0.0.1. Connection pool size: 1
2025-08-10 18:20:23,975 - INFO - ⏸️  用户中断下载
2025-08-10 18:20:23,975 - INFO - ==================================================
2025-08-10 18:20:23,975 - INFO - 下载完成统计:
2025-08-10 18:20:23,975 - INFO - 总处理数量: 0
2025-08-10 18:20:23,975 - INFO - 成功下载: 0
2025-08-10 18:20:23,975 - INFO - 下载失败: 0
2025-08-10 18:20:23,975 - INFO - 跳过文档: 0
2025-08-10 18:20:23,975 - INFO - CSV记录文件: download_log.csv
2025-08-10 18:20:23,975 - INFO - 下载目录: /Users/abc/PycharmProjects/knowledge_base/.venv/output
2025-08-10 18:20:23,976 - INFO - ==================================================
2025-08-10 18:20:23,976 - INFO - 🧹 清理资源...
2025-08-10 18:20:23,976 - INFO - 全局快捷键监听已停止
2025-08-10 18:20:23,978 - ERROR - 移除悬浮UI失败: Message: 

2025-08-10 18:20:23,979 - INFO - 💡 Chrome会话保持开启状态
2025-08-10 18:20:23,979 - INFO - ✅ 资源清理完成
2025-08-10 18:20:28,772 - INFO - ============================================================
2025-08-10 18:20:28,774 - INFO - 🚀 飞书文档自动下载器 v2.0 启动
2025-08-10 18:20:28,774 - INFO - ============================================================
2025-08-10 18:20:28,774 - INFO - 正在设置Chrome浏览器连接...
2025-08-10 18:20:29,378 - INFO - ✅ 成功连接到现有Chrome会话 (端口 9222)
2025-08-10 18:20:29,390 - INFO - ✅ Chrome浏览器设置完成
2025-08-10 18:20:29,390 - INFO - 全局快捷键监听已启动
2025-08-10 18:20:29,390 - INFO - 操作说明: 双击空格键启动，ESC键停止
2025-08-10 18:20:29,390 - INFO - 🎮 快捷键控制已启用: 双击空格键启动，ESC键停止
2025-08-10 18:20:29,393 - INFO - 悬浮UI注入成功
2025-08-10 18:20:29,396 - INFO - 🎛️ 悬浮状态UI已激活
2025-08-10 18:20:29,396 - INFO - 📁 下载目录: /Users/abc/PycharmProjects/knowledge_base/.venv/output
2025-08-10 18:20:29,396 - INFO - 🔍 正在扫描文档列表...
2025-08-10 18:20:37,611 - INFO - 选择器 'a[href*='/wiki/']' 找到 1 个有效链接
2025-08-10 18:21:18,859 - INFO - ⏸️  用户中断下载
2025-08-10 18:21:18,859 - INFO - ==================================================
2025-08-10 18:21:18,859 - INFO - 下载完成统计:
2025-08-10 18:21:18,859 - INFO - 总处理数量: 0
2025-08-10 18:21:18,859 - INFO - 成功下载: 0
2025-08-10 18:21:18,860 - INFO - 下载失败: 0
2025-08-10 18:21:18,860 - INFO - 跳过文档: 0
2025-08-10 18:21:18,860 - INFO - CSV记录文件: download_log.csv
2025-08-10 18:21:18,860 - INFO - 下载目录: /Users/abc/PycharmProjects/knowledge_base/.venv/output
2025-08-10 18:21:18,860 - INFO - ==================================================
2025-08-10 18:21:18,860 - INFO - 🧹 清理资源...
2025-08-10 18:21:18,860 - INFO - 全局快捷键监听已停止
2025-08-10 18:21:18,862 - ERROR - 移除悬浮UI失败: Message: 

2025-08-10 18:21:18,862 - INFO - 💡 Chrome会话保持开启状态
2025-08-10 18:21:18,862 - INFO - ✅ 资源清理完成
