
2025-08-11 11:23:28,971 - INFO - 📄 当前页面: ⁣⁢‍⁣​⁣⁣​⁤⁤﻿‬⁤‌﻿​﻿‬‌​​⁤⁢​⁤⁡​​‬⁡⁢​⁤‬​​​‌﻿﻿‍⁤‍⁣⁤‌⁡​﻿新人园地-通关宝典 - 飞书云文档
2025-08-11 11:23:28,971 - INFO - 🔗 当前URL: https://zh3vobp856.feishu.cn/wiki/JPGPwwEBIirtlqkNF9gcIqYtn1f?fromScene=spaceOverview
2025-08-11 11:23:28,971 - INFO - ==================================================
2025-08-11 11:23:28,971 - INFO - 🌲 开始第 1 层目录遍历...
2025-08-11 11:23:29,371 - INFO - 📋 第 1 层发现 28 个新目录项
2025-08-11 11:23:29,371 - INFO - 📄 [1-1] 处理: 新人园地-通关宝典
2025-08-11 11:23:29,377 - WARNING - ⚠️ 无法重新定位元素: 新人园地-通关宝典
2025-08-11 11:23:29,377 - INFO - 📄 [1-2] 处理: 工作规划
2025-08-11 11:23:29,377 - INFO - ⏳ 尊重访问频率，等待 2.5 秒...
2025-08-11 11:23:31,847 - WARNING - ⚠️ 无法重新定位元素: 工作规划
2025-08-11 11:23:31,848 - INFO - 📄 [1-3] 处理: 产研工作制度
2025-08-11 11:23:31,848 - INFO - ⏳ 尊重访问频率，等待 4.3 秒...
2025-08-11 11:23:36,192 - WARNING - ⚠️ 无法重新定位元素: 产研工作制度
2025-08-11 11:23:36,192 - INFO - 📄 [1-4] 处理: 产研团队管理
2025-08-11 11:23:36,192 - INFO - ⏳ 尊重访问频率，等待 3.5 秒...
2025-08-11 11:39:29,957 - INFO - ✅ 成功连接Chrome，当前页面: 新人园地-通关宝典 - 飞书云文档
2025-08-11 11:39:29,957 - INFO - 🚀 开始遍历知识库目录...
2025-08-11 11:39:29,957 - INFO - 严格遵循2-5秒访问间隔，尊重访问权限
2025-08-11 11:39:29,957 - INFO - 🌲 支持多层级目录递归遍历
2025-08-11 11:39:29,962 - WARNING - ⚠️ 检测到当前是文档详情页面，不适合批量遍历
2025-08-11 11:39:29,962 - INFO - ==================================================
2025-08-11 11:39:29,962 - INFO - 📍 您需要导航到【知识库目录页面】才能使用此工具
2025-08-11 11:39:29,962 - INFO - ==================================================
2025-08-11 11:39:29,962 - INFO - 🎯 正确的页面应该具备以下特征:
2025-08-11 11:39:29,962 - INFO -    ✓ 页面显示文件/文档列表，而不是单个文档内容
2025-08-11 11:39:29,962 - INFO -    ✓ 左侧有完整的目录树结构，包含多个文件夹和文档
2025-08-11 11:39:29,962 - INFO -    ✓ 页面中应该有几十个或更多的文档链接
2025-08-11 11:39:29,962 - INFO -    ✓ URL通常不包含'?'查询参数，或是知识库主页
2025-08-11 11:39:29,962 - INFO - 
2025-08-11 11:39:29,962 - INFO - 🔧 具体操作步骤:
2025-08-11 11:39:29,962 - INFO -    1. 点击浏览器的【返回】按钮
2025-08-11 11:39:29,962 - INFO -    2. 或点击页面顶部的知识库名称返回主页
2025-08-11 11:39:29,962 - INFO -    3. 或在地址栏中删除'?'后面的所有参数
2025-08-11 11:39:29,962 - INFO -    4. 确保能看到文档列表视图（表格或卡片形式）
2025-08-11 11:39:29,962 - INFO - 
2025-08-11 11:39:29,962 - INFO - 📄 当前页面: 新人园地-通关宝典 - 飞书云文档
2025-08-11 11:39:29,962 - INFO - 🔗 当前URL: https://zh3vobp856.feishu.cn/wiki/JPGPwwEBIirtlqkNF9gcIqYtn1f?fromScene=spaceOverview
2025-08-11 11:39:29,962 - INFO - ==================================================
2025-08-11 11:39:29,962 - INFO - 🌲 开始第 1 层目录遍历...
2025-08-11 11:39:30,377 - INFO - 📋 第 1 层发现 28 个新目录项
2025-08-11 11:39:30,377 - INFO - 📄 [1-1] 处理: 新人园地-通关宝典
2025-08-11 11:39:34,028 - INFO - ✅ 成功记录: ⁣⁢‍⁣​⁣⁣​⁤⁤﻿‬⁤‌﻿​﻿‬‌​​⁤⁢​⁤⁡​​‬⁡⁢​⁤‬​​​‌﻿﻿‍⁤‍⁣⁤‌⁡​﻿新...
2025-08-11 11:39:35,601 - INFO - 🔍 发现更深层目录，开始递归...
2025-08-11 11:39:35,601 - INFO -   🌲 开始第 2 层目录遍历...
2025-08-11 11:39:36,084 - INFO -   📋 第 2 层发现 13 个新目录项
2025-08-11 11:39:36,084 - INFO -   📄 [2-1] 处理: 新人需知
2025-08-11 11:39:36,084 - INFO - ⏳ 尊重访问频率，等待 4.0 秒...
2025-08-11 11:39:43,952 - INFO -   ✅ 成功记录: ‌​‌‬‌​⁤​⁡​⁤⁡⁡‍⁡⁤‍⁡⁤​⁡⁤​‌⁢‬​⁣‬⁡‌﻿⁡﻿‬﻿‍⁤‌​​﻿‌⁢‍​⁢‌⁡⁢...
2025-08-11 11:39:45,552 - INFO -   📄 [2-2] 处理: 新人办公小贴士
2025-08-11 11:39:45,552 - INFO - ⏳ 尊重访问频率，等待 2.6 秒...
2025-08-11 11:39:51,947 - INFO -   ✅ 成功记录: ‍⁢﻿﻿⁤﻿⁤‌‍‍‌​⁤‬‌‌﻿﻿‬⁢‬⁡‍⁢⁣‌⁡⁡​​﻿﻿⁡⁣⁣⁡‬﻿⁡﻿​﻿⁤⁡‌⁢‍⁡⁤﻿...
2025-08-11 11:39:53,539 - INFO -   📄 [2-3] 处理: 飞书空间权限说明
2025-08-11 11:39:53,539 - INFO - ⏳ 尊重访问频率，等待 4.4 秒...
2025-08-11 11:40:01,745 - INFO -   ✅ 成功记录: ‍⁢﻿⁤​​⁡⁤⁣​​⁤⁢⁤‌⁢⁤⁣⁣⁡​⁣⁤​⁤﻿﻿‌⁤‬﻿⁢⁢​⁣⁢‌⁡⁣​⁡‍‍​⁣﻿﻿​​​...
2025-08-11 11:40:03,325 - INFO -   📄 [2-4] 处理: 语雀空间权限说明
2025-08-11 11:40:03,325 - INFO - ⏳ 尊重访问频率，等待 2.9 秒...
2025-08-11 11:40:09,983 - INFO -   ✅ 成功记录: ‍‬​⁤​‌‍‌‬​⁤‬‌‌‌​‌⁤​​‬‍​⁡‬‍​‍⁣‌​⁢​‌​﻿⁡‌⁣﻿⁤⁢⁣‌⁣‬⁡‬⁣‬...
2025-08-11 11:40:11,558 - INFO -   📄 [2-5] 处理: 办公设备申请标准
2025-08-11 11:40:11,559 - INFO - ⏳ 尊重访问频率，等待 2.4 秒...
2025-08-11 11:40:17,734 - INFO -   ✅ 成功记录: ‌⁤‌⁤‌​​⁤⁣​⁡‍⁤‍‬‌‌⁢​⁢‬⁡‬‌﻿​‌⁡⁡⁤​⁡​⁤‬‌‌​‌⁣⁡⁢‍⁣​‌‬⁢⁤办...
2025-08-11 11:40:19,248 - INFO -   📄 [2-6] 处理: 【绑定打印机】使用教程终（加域版）
2025-08-11 11:40:19,248 - INFO - ⏳ 尊重访问频率，等待 2.2 秒...
2025-08-11 11:40:25,264 - INFO -   ✅ 成功记录: ‍‬‌⁤‬⁣⁣⁢⁢⁤​⁡⁤‍​⁢⁡⁢‍⁤‬⁤‍⁣⁡⁤‬​‌⁡⁤‍‬‬‍⁢‌﻿⁤​⁢﻿⁣⁢​﻿‍⁢﻿‬...
2025-08-11 11:40:26,786 - INFO -   📄 [2-7] 处理: 福利待遇
2025-08-11 11:40:26,786 - INFO - ⏳ 尊重访问频率，等待 4.8 秒...
2025-08-11 11:40:35,420 - INFO -   ✅ 成功记录: ‍⁢﻿⁤⁡⁡‌‌​‬​⁡⁣⁤‌‌‌​‍⁣‌‬⁡‌​‌﻿⁣‌​⁢⁡‌⁣‍﻿‬‌​​⁢‌⁣⁡⁢​​‬⁢‬...
2025-08-11 11:40:37,003 - INFO -   📄 [2-8] 处理: FAQ
2025-08-11 11:40:37,003 - INFO - ⏳ 尊重访问频率，等待 3.1 秒...
2025-08-11 11:40:43,726 - INFO -   ✅ 成功记录: ⁡‬‬​⁡‍⁣⁡‌⁡⁡​⁡​‬⁤​⁢⁤⁢﻿‍⁢‍‌​‌⁣⁡⁣‬⁣‍‬⁡⁣﻿​‬﻿​⁣​‌‬﻿⁢‬﻿F...
2025-08-11 11:40:45,315 - INFO -   📄 [2-9] 处理: 部门初相识
2025-08-11 11:40:45,315 - INFO - ⏳ 尊重访问频率，等待 3.7 秒...
2025-08-11 11:40:52,794 - INFO -   ✅ 成功记录: ⁤﻿⁢‬‍⁢⁢⁣​⁡⁡​‍⁣﻿‌⁣⁢​​⁣‍⁡​‬⁢‍​⁡​​⁡⁣​​⁢​⁣​⁡‌​⁡​⁡⁣⁡﻿﻿部...
2025-08-11 11:40:54,300 - INFO -   📄 [2-10] 处理: 新人学习文档
2025-08-11 11:40:54,300 - INFO - ⏳ 尊重访问频率，等待 3.1 秒...
2025-08-11 11:41:00,994 - INFO -   ✅ 成功记录: ‍⁢⁤‬⁡⁤‌‌‬⁤⁢​​​⁡⁡⁤⁤‍⁢‌‍⁣‍‬​‬​⁢​‍‌⁣⁢﻿‍‍⁡‍⁤​⁣‍﻿⁤⁤‬⁤⁢⁢...
2025-08-11 11:41:02,551 - INFO -   🔍 发现更深层目录，开始递归...
2025-08-11 11:41:02,551 - INFO -     🌲 开始第 3 层目录遍历...
2025-08-11 11:41:03,059 - INFO -     📋 第 3 层发现 14 个新目录项
2025-08-11 11:41:03,059 - INFO -     📄 [3-1] 处理: 项目管理-新人手册
2025-08-11 11:41:03,059 - INFO - ⏳ 尊重访问频率，等待 4.2 秒...
2025-08-11 11:41:11,031 - INFO -     ✅ 成功记录: ‍‌‬‍​‍⁡​‍‍﻿​⁤‍⁡​‌​⁤﻿​​‍‍﻿⁡⁢​​⁢⁡​⁡​‬⁢‍​⁤​‍​​⁤‌⁢​⁤﻿⁡...
2025-08-11 11:41:12,641 - INFO -     🔍 发现更深层目录，开始递归...
2025-08-11 11:41:12,641 - INFO -       🌲 开始第 4 层目录遍历...
2025-08-11 11:41:13,162 - INFO -       📋 第 4 层发现 0 个新目录项
2025-08-11 11:41:13,162 - INFO -       ✅ 第 4 层遍历完成
2025-08-11 11:41:13,162 - INFO -     📄 [3-2] 处理: 技术文档汇总-通用版
2025-08-11 11:41:13,162 - INFO - ⏳ 尊重访问频率，等待 3.1 秒...
2025-08-11 11:41:19,923 - INFO -     ✅ 成功记录: ‌﻿﻿​​⁢⁢​‍⁢‌‬⁤​﻿⁡﻿‍⁤‌‍⁣⁢‬⁣​﻿⁣﻿⁢‬‬‌‬⁣⁤‌​‬⁢‬‍⁡⁡‍‬⁤‌﻿⁤...
2025-08-11 11:41:21,565 - INFO -     🔍 发现更深层目录，开始递归...
2025-08-11 11:41:21,565 - INFO -       🌲 开始第 4 层目录遍历...
2025-08-11 11:41:22,095 - INFO -       📋 第 4 层发现 0 个新目录项
2025-08-11 11:41:22,095 - INFO -       ✅ 第 4 层遍历完成
2025-08-11 11:41:22,095 - INFO -     📄 [3-3] 处理: 帐户开通与权限索引-通用版
2025-08-11 11:41:22,095 - INFO - ⏳ 尊重访问频率，等待 4.0 秒...
2025-08-11 11:41:29,923 - INFO -     ✅ 成功记录: ‍⁡‌‬‍‬​⁤⁣⁢‍⁤⁡⁡‌​⁤‬⁡⁡‍​⁢‌​‍‍⁡‬‍​⁡⁢﻿⁣⁡​‍‍﻿​‬⁣⁤​‬⁢⁤⁣​...
2025-08-11 11:41:31,491 - INFO -     🔍 发现更深层目录，开始递归...
2025-08-11 11:41:31,491 - INFO -       🌲 开始第 4 层目录遍历...
2025-08-11 11:41:32,031 - INFO -       📋 第 4 层发现 0 个新目录项
2025-08-11 11:41:32,031 - INFO -       ✅ 第 4 层遍历完成
2025-08-11 11:41:32,031 - INFO -     📄 [3-4] 处理: 开发及发布流程规范
2025-08-11 11:41:32,031 - INFO - ⏳ 尊重访问频率，等待 3.9 秒...
2025-08-11 11:41:39,741 - INFO -     ✅ 成功记录: ‍‌​⁢‍‌⁢​⁢﻿⁤​​‍‍⁢﻿​﻿⁡‍﻿‌‌​‌‍⁡⁤⁤⁤⁡‍⁤​⁡⁣‍⁡⁤​﻿﻿⁡‍‌﻿​﻿开...
2025-08-11 11:41:41,339 - INFO -     🔍 发现更深层目录，开始递归...
2025-08-11 11:41:41,339 - INFO -       🌲 开始第 4 层目录遍历...
2025-08-11 11:41:41,892 - INFO -       📋 第 4 层发现 0 个新目录项
2025-08-11 11:41:41,892 - INFO -       ✅ 第 4 层遍历完成
2025-08-11 11:41:41,892 - INFO -     📄 [3-5] 处理: 前端-新人手册
2025-08-11 11:41:41,892 - INFO - ⏳ 尊重访问频率，等待 4.8 秒...
2025-08-11 11:41:50,262 - INFO -     ✅ 成功记录: ‌⁢‍⁣﻿‬⁡​‌‍​⁣‬⁤​﻿​﻿​‌⁣‬﻿‬⁣​⁤⁣⁡​‌⁣​​﻿​⁤‍‬⁤⁡﻿‍‬⁢⁣⁣​⁣⁡...
2025-08-11 11:41:51,947 - INFO -     🔍 发现更深层目录，开始递归...
2025-08-11 11:41:51,947 - INFO -       🌲 开始第 4 层目录遍历...
2025-08-11 11:41:52,505 - INFO -       📋 第 4 层发现 15 个新目录项
2025-08-11 11:41:52,505 - INFO -       📄 [4-1] 处理: 前言
2025-08-11 11:41:52,505 - INFO - ⏳ 尊重访问频率，等待 4.5 秒...
2025-08-11 11:42:00,794 - INFO -       ✅ 成功记录: ‌‍‬⁤⁡⁤‍⁡​‍﻿⁣​⁣‬‍⁤⁢⁤‍‬⁡⁡‬‬​‬⁢⁤⁣⁡‬​‬⁤⁢⁣⁢⁡⁣⁤‌﻿​﻿‬​﻿‍‍...
2025-08-11 11:42:02,470 - INFO -       🔍 发现更深层目录，开始递归...
2025-08-11 11:42:02,470 - INFO -         🌲 开始第 5 层目录遍历...
2025-08-11 11:42:03,057 - INFO -         📋 第 5 层发现 0 个新目录项
2025-08-11 11:42:03,057 - INFO -         ✅ 第 5 层遍历完成
2025-08-11 11:42:03,058 - INFO -       📄 [4-2] 处理: 技术栈
2025-08-11 11:42:03,058 - INFO - ⏳ 尊重访问频率，等待 2.0 秒...
2025-08-11 11:42:08,866 - INFO -       ✅ 成功记录: ‍⁢⁢⁡‍﻿⁤‬‌⁣‍‍‬⁡⁢⁡⁤﻿‌﻿⁤﻿‌​⁤⁡​‌‍﻿​‬‍﻿⁣‬​⁤⁤⁢﻿⁤​‍⁢⁣⁡⁣﻿﻿...
2025-08-11 11:42:10,578 - INFO -       🔍 发现更深层目录，开始递归...
2025-08-11 11:42:10,578 - INFO -         🌲 开始第 5 层目录遍历...
2025-08-11 11:42:11,175 - INFO -         📋 第 5 层发现 0 个新目录项
2025-08-11 11:42:11,175 - INFO -         ✅ 第 5 层遍历完成
2025-08-11 11:42:11,175 - INFO -       📄 [4-3] 处理: 工程管理
2025-08-11 11:42:11,175 - INFO - ⏳ 尊重访问频率，等待 3.0 秒...
2025-08-11 11:42:17,927 - INFO -       ✅ 成功记录: ‌‍⁤⁢​⁤​‬‍​⁢⁣⁡​‌⁡⁢‬‬⁡‬‬⁤⁢﻿​﻿​⁤﻿​⁤​‌⁣⁡⁤﻿​‬⁣⁢⁣⁤​​⁡​﻿⁤...
2025-08-11 11:42:19,573 - INFO -       🔍 发现更深层目录，开始递归...
2025-08-11 11:42:19,573 - INFO -         🌲 开始第 5 层目录遍历...
2025-08-11 11:42:20,151 - INFO -         📋 第 5 层发现 0 个新目录项
2025-08-11 11:42:20,151 - INFO -         ✅ 第 5 层遍历完成
2025-08-11 11:42:20,151 - INFO -       📄 [4-4] 处理: 开发规范
2025-08-11 11:42:20,151 - INFO - ⏳ 尊重访问频率，等待 2.7 秒...
2025-08-11 11:42:26,491 - INFO -       ✅ 成功记录: ‬﻿‌﻿⁣‌‌⁣⁣⁤‌​﻿​⁣‬⁤⁣⁣⁡⁤⁢‍⁣⁡⁤​‌​​‬‬​⁤‌⁡﻿‌​​​‬⁢​⁣​⁣⁣‌开...
2025-08-11 11:42:28,169 - INFO -       🔍 发现更深层目录，开始递归...
2025-08-11 11:42:28,169 - INFO -         🌲 开始第 5 层目录遍历...
2025-08-11 11:42:28,799 - INFO -         📋 第 5 层发现 0 个新目录项
2025-08-11 11:42:28,799 - INFO -         ✅ 第 5 层遍历完成
2025-08-11 11:42:28,799 - INFO -       📄 [4-5] 处理: Git代码管理规范
2025-08-11 11:42:28,799 - INFO - ⏳ 尊重访问频率，等待 3.6 秒...
2025-08-11 11:42:36,058 - INFO -       ✅ 成功记录: ‌⁢‬‬‍‍⁢​‬⁢‍⁤‌‍‬⁤﻿‌⁢⁣⁡﻿​⁣⁤‌⁢⁡⁤‍⁡‌‌⁡﻿⁢⁤​﻿​​‌‍⁣⁤⁡⁢​​​...
2025-08-11 11:42:37,729 - INFO -       🔍 发现更深层目录，开始递归...
2025-08-11 11:42:37,729 - INFO -         🌲 开始第 5 层目录遍历...
2025-08-11 11:42:38,350 - INFO -         📋 第 5 层发现 0 个新目录项
2025-08-11 11:42:38,350 - INFO -         ✅ 第 5 层遍历完成
2025-08-11 11:42:38,350 - INFO -       📄 [4-6] 处理: 研发流程&安全生产
2025-08-11 11:42:38,350 - INFO - ⏳ 尊重访问频率，等待 3.5 秒...
2025-08-11 11:42:45,656 - INFO -       ✅ 成功记录: ‌⁣⁢​​‌‌‌‍​﻿‌⁢‌‍‬⁤‌⁣⁡⁤​⁤‍‍⁣⁢‬⁢‬⁤‬⁣⁢﻿‍‌‌⁤‬⁡﻿⁡⁣⁣⁢​⁡​‬...
2025-08-11 11:42:47,408 - INFO -       🔍 发现更深层目录，开始递归...
2025-08-11 11:42:47,408 - INFO -         🌲 开始第 5 层目录遍历...
2025-08-11 11:42:48,045 - INFO -         📋 第 5 层发现 0 个新目录项
2025-08-11 11:42:48,045 - INFO -         ✅ 第 5 层遍历完成
2025-08-11 11:42:48,046 - INFO -       📄 [4-7] 处理: API接口规范
2025-08-11 11:42:48,046 - INFO - ⏳ 尊重访问频率，等待 4.5 秒...
2025-08-11 11:42:56,226 - INFO -       ✅ 成功记录: ‌⁣⁣⁡﻿‬⁣‍‍​⁤﻿⁡‌⁡﻿‍‌‌⁡‬⁤​‌⁡​‌‬​​⁤⁡⁡⁤‌​​‌⁣⁢⁤‬​​⁣﻿⁡‌⁢​...
2025-08-11 11:42:57,998 - INFO -       🔍 发现更深层目录，开始递归...
2025-08-11 11:42:57,998 - INFO -         🌲 开始第 5 层目录遍历...
2025-08-11 11:42:58,639 - INFO -         📋 第 5 层发现 0 个新目录项
2025-08-11 11:42:58,639 - INFO -         ✅ 第 5 层遍历完成
2025-08-11 11:42:58,639 - INFO -       📄 [4-8] 处理: 私有NPM仓库使用说明
2025-08-11 11:42:58,639 - INFO - ⏳ 尊重访问频率，等待 3.4 秒...
2025-08-11 11:43:05,842 - INFO -       ✅ 成功记录: ‌﻿‍‌‍⁤‌⁢⁣​⁤﻿⁡⁡⁢​​⁣​‌‍‍‌‬⁤﻿​‍⁣⁡⁢⁡‍⁣​‌‌﻿⁤​⁣⁣⁡‌​⁡‍‍⁢私...
2025-08-11 11:43:07,553 - INFO -       🔍 发现更深层目录，开始递归...
2025-08-11 11:43:07,553 - INFO -         🌲 开始第 5 层目录遍历...
2025-08-11 11:43:08,297 - INFO -         📋 第 5 层发现 0 个新目录项
2025-08-11 11:43:08,298 - INFO -         ✅ 第 5 层遍历完成
2025-08-11 11:43:08,298 - INFO -       📄 [4-9] 处理: YWFE_公用CDN服务
2025-08-11 11:43:08,298 - INFO - ⏳ 尊重访问频率，等待 4.1 秒...
2025-08-11 11:43:16,184 - INFO -       ✅ 成功记录: ‌‍⁡⁣​‍‍​​‬‌‌​⁣⁢⁡‌‬‬⁤⁡⁣‍​‍‍⁤⁡﻿﻿‌​‌﻿⁤​‍﻿​⁡‌⁢⁣​⁤⁣⁤‌​​...
2025-08-11 11:43:17,905 - INFO -       🔍 发现更深层目录，开始递归...
2025-08-11 11:43:17,905 - INFO -         🌲 开始第 5 层目录遍历...
2025-08-11 11:43:18,587 - INFO -         📋 第 5 层发现 0 个新目录项
2025-08-11 11:43:18,587 - INFO -         ✅ 第 5 层遍历完成
2025-08-11 11:43:18,587 - INFO -       📄 [4-10] 处理: 公司VPN连接手册
2025-08-11 11:43:18,587 - INFO - ⏳ 尊重访问频率，等待 4.4 秒...
2025-08-11 11:43:26,776 - INFO -       ✅ 成功记录: ‌⁤‍​⁢﻿⁤‬⁤‌‬⁢​⁢⁡﻿⁣⁡​⁢‌‌⁡﻿​⁡‌⁣​‬‌﻿⁤⁢‍‍​​⁤​﻿﻿⁣‌﻿⁤‍⁡‌公...
2025-08-11 11:43:28,601 - INFO -       🔍 发现更深层目录，开始递归...
2025-08-11 11:43:28,601 - INFO -         🌲 开始第 5 层目录遍历...
2025-08-11 11:43:29,284 - INFO -         📋 第 5 层发现 0 个新目录项
2025-08-11 11:43:29,285 - INFO -         ✅ 第 5 层遍历完成
2025-08-11 11:43:29,285 - INFO -       📄 [4-11] 处理: ES6+
2025-08-11 11:43:29,285 - INFO - ⏳ 尊重访问频率，等待 3.1 秒...
2025-08-11 11:43:36,158 - INFO -       ✅ 成功记录: ⁣‌﻿⁣‌⁤​‬‍﻿⁤​⁢​⁣⁢‌​⁡‍‍​‍⁢‌‌​‬⁢​⁤‬⁢⁡‬‌‬​⁤​⁤​‍‌⁡‬​⁢‬E...
2025-08-11 11:43:37,978 - INFO -       🔍 发现更深层目录，开始递归...
2025-08-11 11:43:37,978 - INFO -         🌲 开始第 5 层目录遍历...
2025-08-11 11:43:38,684 - INFO -         📋 第 5 层发现 0 个新目录项
2025-08-11 11:43:38,684 - INFO -         ✅ 第 5 层遍历完成
2025-08-11 11:43:38,684 - INFO -       📄 [4-12] 处理: Ant Design of React
2025-08-11 11:43:38,684 - INFO - ⏳ 尊重访问频率，等待 3.6 秒...
2025-08-11 11:43:46,125 - INFO -       ✅ 成功记录: ‍​⁣⁡​⁢​​‬﻿‍‍⁢⁤⁤‍⁣⁢​​‌⁤⁢‍‬‬‬‍⁡​⁤⁤​‬⁣⁤​‍﻿⁡​﻿⁢​⁣⁣⁢﻿⁢﻿...
2025-08-11 11:43:47,895 - INFO -       🔍 发现更深层目录，开始递归...
2025-08-11 11:43:47,895 - INFO -         🌲 开始第 5 层目录遍历...
2025-08-11 11:43:48,620 - INFO -         📋 第 5 层发现 0 个新目录项
2025-08-11 11:43:48,620 - INFO -         ✅ 第 5 层遍历完成
2025-08-11 11:43:48,620 - INFO -       📄 [4-13] 处理: TS汇总文档
2025-08-11 11:43:48,620 - INFO - ⏳ 尊重访问频率，等待 4.9 秒...
2025-08-11 11:43:57,296 - INFO -       ✅ 成功记录: ‍‬​⁣﻿‍⁤⁤‍​‌⁡​‬⁡⁤​‌﻿⁢​﻿⁢⁤﻿⁤⁣﻿‍⁣⁡⁣⁣‍⁡‬⁣‬⁣⁣‍‬⁢‌​⁡﻿⁢﻿⁡...
2025-08-11 11:43:59,152 - INFO -       🔍 发现更深层目录，开始递归...
2025-08-11 11:43:59,152 - INFO -         🌲 开始第 5 层目录遍历...
2025-08-11 11:43:59,874 - INFO -         📋 第 5 层发现 0 个新目录项
2025-08-11 11:43:59,874 - INFO -         ✅ 第 5 层遍历完成
2025-08-11 11:43:59,874 - INFO -       📄 [4-14] 处理: Type Script
2025-08-11 11:43:59,874 - INFO - ⏳ 尊重访问频率，等待 3.9 秒...
2025-08-11 11:44:07,539 - INFO -       ✅ 成功记录: ‍⁡​﻿‌⁣⁣‬‬⁤⁤⁣⁤⁡​‬⁡⁢⁢⁢‌⁢​⁣​⁢⁡⁤﻿﻿﻿﻿‍​⁢⁢⁢‍⁣‍﻿​​‍‍‌​​﻿﻿...
2025-08-11 11:44:09,320 - INFO -       🔍 发现更深层目录，开始递归...
2025-08-11 11:44:09,320 - INFO -         🌲 开始第 5 层目录遍历...
2025-08-11 11:44:10,051 - INFO -         📋 第 5 层发现 0 个新目录项
2025-08-11 11:44:10,051 - INFO -         ✅ 第 5 层遍历完成
2025-08-11 11:44:10,051 - INFO -       📄 [4-15] 处理: React Hook
2025-08-11 11:44:10,051 - INFO - ⏳ 尊重访问频率，等待 2.6 秒...
2025-08-11 11:44:16,456 - INFO -       ✅ 成功记录: ⁣​‬⁤‌⁡‬⁤‬‍⁢​⁢​﻿⁢﻿‌﻿﻿﻿‍﻿‌⁤​⁡⁢⁤﻿⁣⁣⁢‍‌⁡‍⁡⁢​⁡​⁢‍⁤﻿⁡⁡Re...
2025-08-11 11:44:18,331 - INFO -       🔍 发现更深层目录，开始递归...
2025-08-11 11:44:18,331 - INFO -         🌲 开始第 5 层目录遍历...
2025-08-11 11:44:19,072 - INFO -         📋 第 5 层发现 0 个新目录项
2025-08-11 11:44:19,072 - INFO -         ✅ 第 5 层遍历完成
2025-08-11 11:44:19,072 - INFO -       ✅ 第 4 层遍历完成
2025-08-11 11:44:19,072 - INFO -     📄 [3-6] 处理: 商家中心-新人手册
2025-08-11 11:44:19,072 - INFO - ⏳ 尊重访问频率，等待 2.6 秒...
2025-08-11 11:44:25,512 - INFO -     ✅ 成功记录: ⁡​⁡​⁤‌⁢⁤‌‍‌⁢﻿﻿⁤​‌⁣⁡﻿‬​﻿​​⁢⁤⁤​⁢⁡‌‌⁡⁢​‬⁡﻿​⁣⁡⁢​⁣‌​⁣商家...
2025-08-11 11:44:27,400 - INFO -     🔍 发现更深层目录，开始递归...
2025-08-11 11:44:27,400 - INFO -       🌲 开始第 4 层目录遍历...
2025-08-11 11:44:28,150 - INFO -       📋 第 4 层发现 0 个新目录项
2025-08-11 11:44:28,151 - INFO -       ✅ 第 4 层遍历完成
2025-08-11 11:44:28,151 - INFO -     📄 [3-7] 处理: 直播中心-新人手册
2025-08-11 11:44:28,151 - INFO - ⏳ 尊重访问频率，等待 2.0 秒...
2025-08-11 11:44:33,966 - INFO -     ✅ 成功记录: ‌⁡﻿​﻿‌⁢‍⁣⁣‬﻿⁡​⁤​​⁤﻿‬﻿﻿⁣​﻿‌﻿​​​﻿⁡⁡⁤⁤‍‌‍⁢⁤⁣​⁢⁤⁡⁤⁣⁡​﻿...
2025-08-11 11:44:35,849 - INFO -     🔍 发现更深层目录，开始递归...
2025-08-11 11:44:35,849 - INFO -       🌲 开始第 4 层目录遍历...
2025-08-11 11:44:36,621 - INFO -       📋 第 4 层发现 1 个新目录项
2025-08-11 11:44:36,621 - INFO -       📄 [4-1] 处理: 新人手册
2025-08-11 11:44:36,621 - INFO - ⏳ 尊重访问频率，等待 3.7 秒...
2025-08-11 11:44:43,927 - INFO -       ✅ 成功记录: ‍​⁤⁤⁤‌​​﻿‍​⁢‬‌​‌‬‌⁣‌⁢​﻿⁢‍‌⁤⁣​⁡‌​⁤⁡﻿⁡⁤‬⁢‌⁣⁢‌​⁣⁣⁣⁡​​...
2025-08-11 11:44:45,526 - INFO -       ✅ 第 4 层遍历完成
2025-08-11 11:44:45,526 - INFO -     📄 [3-8] 处理: 内控中心-新人手册
2025-08-11 11:44:45,526 - INFO - ⏳ 尊重访问频率，等待 5.0 秒...
2025-08-11 11:44:54,150 - INFO -     ✅ 成功记录: ⁣‍‬⁣⁡⁢⁣⁤﻿‌​‍﻿⁣‍‬​⁤⁡‌​﻿⁣‬‌‌‌⁢⁡‬‍‬‍⁢⁢‍​⁡‍⁢⁡⁣⁢‬⁣⁢‍‬⁣内...
2025-08-11 11:44:55,979 - INFO -     🔍 发现更深层目录，开始递归...
2025-08-11 11:44:55,979 - INFO -       🌲 开始第 4 层目录遍历...
2025-08-11 11:44:56,757 - INFO -       📋 第 4 层发现 2 个新目录项
2025-08-11 11:44:56,757 - INFO -       📄 [4-1] 处理: 新人引导
2025-08-11 11:44:56,757 - INFO - ⏳ 尊重访问频率，等待 3.6 秒...
2025-08-11 11:45:04,136 - INFO -       ✅ 成功记录: ‌‌‌​‍⁢⁣⁡‌‬‍⁣⁡‬‬​‌‍‌⁤​​⁤⁣⁣⁡​⁡⁡​﻿‌⁡﻿‍‬⁢⁣‬﻿​​‌‬​‌﻿⁢⁢⁡...
2025-08-11 11:45:06,023 - INFO -       📄 [4-2] 处理: 组内分享
2025-08-11 11:45:06,023 - INFO - ⏳ 尊重访问频率，等待 3.0 秒...
2025-08-11 11:45:12,863 - INFO -       ✅ 成功记录: ‌﻿⁡⁢⁣​⁢⁢​⁢‬​​​⁡⁤​⁤‬‌⁢⁤‬⁡⁢⁣﻿⁤‌⁤‌⁡⁤⁤⁢​﻿‍‬⁤⁡⁣⁣⁡⁡⁢‬⁡⁡⁣...
2025-08-11 11:45:14,769 - INFO -       ✅ 第 4 层遍历完成
2025-08-11 11:45:14,769 - INFO -     📄 [3-9] 处理: 粉丝运营-新人手册
2025-08-11 11:45:14,769 - INFO - ⏳ 尊重访问频率，等待 4.8 秒...
2025-08-11 11:45:23,331 - INFO -     ✅ 成功记录: ‍⁢⁤​﻿​﻿⁢⁣⁡⁢⁤⁡⁣⁢⁣‍‌​⁡⁡⁢⁢⁡​​⁣﻿‬‬⁢​​‌⁤⁣⁢‌‬​​‍⁤​‌⁤⁢﻿粉丝...
2025-08-11 11:45:25,243 - INFO -     🔍 发现更深层目录，开始递归...
2025-08-11 11:45:25,243 - INFO -       🌲 开始第 4 层目录遍历...
2025-08-11 11:45:26,021 - INFO -       📋 第 4 层发现 1 个新目录项
2025-08-11 11:45:26,021 - INFO -       📄 [4-1] 处理: 内控数据规范
2025-08-11 11:45:26,021 - INFO - ⏳ 尊重访问频率，等待 4.0 秒...
2025-08-11 11:45:33,863 - INFO -       ✅ 成功记录: ‌⁢​⁣⁢‍⁤⁢⁡​⁣‌​⁣‬﻿​​⁣​​⁡‌‬﻿⁢‬﻿​​‌‌⁤⁣‌⁣⁡​‌‌⁡​​﻿⁤⁣​⁣​⁢...
2025-08-11 11:45:35,668 - INFO -       🔍 发现更深层目录，开始递归...
2025-08-11 11:45:35,668 - INFO -         🌲 开始第 5 层目录遍历...
2025-08-11 11:45:36,457 - INFO -         📋 第 5 层发现 0 个新目录项
2025-08-11 11:45:36,458 - INFO -         ✅ 第 5 层遍历完成
2025-08-11 11:45:36,458 - INFO -       ✅ 第 4 层遍历完成
2025-08-11 11:45:36,458 - INFO -     📄 [3-10] 处理: 数据中心-新人手册
2025-08-11 11:45:36,458 - INFO - ⏳ 尊重访问频率，等待 4.5 秒...
2025-08-11 11:45:44,618 - INFO -     ✅ 成功记录: ‍‬​⁢‬⁡⁡‬⁡‍﻿‌﻿⁡​‌⁢‌⁤‍‌‍﻿‌‬⁣​​‬⁢⁣‌​‬﻿⁤‌⁢‌⁤‌⁣⁤​​​​​⁣‌...
2025-08-11 11:45:46,439 - INFO -     🔍 发现更深层目录，开始递归...
2025-08-11 11:45:46,439 - INFO -       🌲 开始第 4 层目录遍历...
2025-08-11 11:45:47,199 - INFO -       📋 第 4 层发现 1 个新目录项
2025-08-11 11:45:47,199 - INFO -       📄 [4-1] 处理: 常用文档导航
2025-08-11 11:45:47,199 - INFO - ⏳ 尊重访问频率，等待 3.3 秒...
2025-08-11 11:45:54,248 - INFO -       ✅ 成功记录: ‌‍⁤⁢⁢‌‌‌‬​⁡​⁤​​​⁡⁢⁣⁡‬⁣‌‍⁣​⁣⁣‌​⁤⁡​﻿‍‌‌⁡⁡​​‌​⁣⁡⁤​​⁣﻿...
2025-08-11 11:45:56,087 - INFO -       ✅ 第 4 层遍历完成
2025-08-11 11:45:56,088 - INFO -     📄 [3-11] 处理: 渠道集成-新人手册
2025-08-11 11:45:56,088 - INFO - ⏳ 尊重访问频率，等待 3.7 秒...
2025-08-11 11:46:03,538 - INFO -     ✅ 成功记录: ‍‌‬⁡⁤‌​‬​⁤​⁢​​⁡⁢‌⁢​​⁢﻿⁤⁢​‌﻿‬​⁣⁤⁤⁣⁣‍﻿​⁢⁤‬⁢​​‍⁢‌⁣‍﻿﻿...
2025-08-11 11:46:05,359 - INFO -     🔍 发现更深层目录，开始递归...
2025-08-11 11:46:05,359 - INFO -       🌲 开始第 4 层目录遍历...
2025-08-11 11:46:06,226 - INFO -       📋 第 4 层发现 0 个新目录项
2025-08-11 11:46:06,226 - INFO -       ✅ 第 4 层遍历完成
2025-08-11 11:46:06,226 - INFO -     📄 [3-12] 处理: 技术风险-新人手册
2025-08-11 11:46:06,226 - INFO - ⏳ 尊重访问频率，等待 3.1 秒...
2025-08-11 11:46:12,964 - INFO -     ✅ 成功记录: ﻿​⁤‬‌⁢​‬⁢⁢‌⁡‬​⁣⁤‌⁣⁡⁢⁣‌‌⁤⁢⁡‬⁤​⁡​﻿‬⁣⁤⁤⁣⁣⁡​‍‍​‌​‌﻿​‌技...
2025-08-11 11:46:14,890 - INFO -     🔍 发现更深层目录，开始递归...
2025-08-11 11:46:14,890 - INFO -       🌲 开始第 4 层目录遍历...
2025-08-11 11:46:15,666 - INFO -       📋 第 4 层发现 9 个新目录项
2025-08-11 11:46:15,666 - INFO -       📄 [4-1] 处理: 程序自测质量报告及判断细则
2025-08-11 11:46:15,666 - INFO - ⏳ 尊重访问频率，等待 2.1 秒...
2025-08-11 11:46:21,553 - INFO -       ✅ 成功记录: ‍​⁣⁤⁤﻿﻿‌‌⁤⁢⁤⁤‍​⁤⁢⁤​﻿⁢‌​‬‍⁡‍⁣‍​‍​​﻿⁣‬‌‌⁢‌⁢﻿​‌⁡​⁤‍⁤​...
2025-08-11 11:46:23,381 - INFO -       📄 [4-2] 处理: 测试报告模板
2025-08-11 11:46:23,381 - INFO - ⏳ 尊重访问频率，等待 4.7 秒...
2025-08-11 11:46:31,825 - INFO -       ✅ 成功记录: ‍⁢﻿​⁢‌⁤‬⁡⁣‌⁡​‌⁣​‍‌﻿‬​​﻿⁢⁤﻿⁢‍​‬​​‍​⁡‬​​⁣⁡‍‬⁣​‬⁣⁤⁣⁢⁤...
2025-08-11 11:46:33,660 - INFO -       📄 [4-3] 处理: 测试计划-模版
2025-08-11 11:46:33,661 - INFO - ⏳ 尊重访问频率，等待 3.9 秒...
2025-08-11 11:46:41,370 - INFO -       ✅ 成功记录: ⁡⁤‍​⁢⁡⁡﻿‌​⁡⁡⁤⁢⁢⁤﻿​​‌‌‌​‌​⁣⁣​⁡‌⁢﻿﻿‍‬‌⁢​​‍​⁣⁤⁤‌‍⁤​‌测...
2025-08-11 11:46:43,288 - INFO -       📄 [4-4] 处理: 测试进度报告-模版
2025-08-11 11:46:43,288 - INFO - ⏳ 尊重访问频率，等待 4.3 秒...
2025-08-11 11:46:51,367 - INFO -       ✅ 成功记录: ‍⁡‍⁤​⁡‍​⁢​⁤⁣​​⁤‍⁢⁣‌​​⁤⁤⁡﻿‌​‬﻿⁡﻿​﻿‌‍⁡⁡﻿⁣⁢‬‌​​⁡⁡‬﻿‍﻿...
2025-08-11 11:46:53,298 - INFO -       📄 [4-5] 处理: 测试需求分析-规范
2025-08-11 11:46:53,299 - INFO - ⏳ 尊重访问频率，等待 4.7 秒...
2025-08-11 11:47:01,796 - INFO -       ✅ 成功记录: ⁡‬⁤​⁡﻿​⁢⁣‍﻿﻿​⁢‬⁢‬‍⁣⁣‌⁡‬‬⁢⁤​⁣⁡‍‍⁢⁡‍‌‬⁤‌​⁣⁣⁤‬⁡⁢‍⁢‌​测...
2025-08-11 11:47:03,616 - INFO -       🔍 发现更深层目录，开始递归...
2025-08-11 11:47:03,616 - INFO -         🌲 开始第 5 层目录遍历...
2025-08-11 11:47:04,397 - INFO -         📋 第 5 层发现 0 个新目录项
2025-08-11 11:47:04,397 - INFO -         ✅ 第 5 层遍历完成
2025-08-11 11:47:04,397 - INFO -       📄 [4-6] 处理: TC评审会议纪要
2025-08-11 11:47:04,397 - INFO - ⏳ 尊重访问频率，等待 4.9 秒...
2025-08-11 11:47:13,117 - INFO -       ✅ 成功记录: ‌⁤‬‬⁢‌⁢​⁣‌⁡‌‌﻿‬‌⁡⁤⁡‍⁤⁤‌‍⁢⁡‍​‬​⁡﻿‬⁣⁣⁤‍⁡⁢⁤⁣‬⁢⁤​‌⁡‬​‍...
2025-08-11 11:47:15,030 - INFO -       📄 [4-7] 处理: TC预审反馈表
2025-08-11 11:47:15,030 - INFO - ⏳ 尊重访问频率，等待 4.8 秒...
2025-08-11 11:47:23,638 - INFO -       ✅ 成功记录: ‍⁤‬⁡​⁢‍⁡⁤‬⁢﻿‌​⁣⁢‬⁡﻿‍​‌﻿‌‬⁣‍‬​⁣‍⁢⁣⁡⁢​⁢‬‬⁢⁢⁣‍​‬﻿⁣TC预...
2025-08-11 11:47:25,466 - INFO -       📄 [4-8] 处理: 测试流程图
2025-08-11 11:47:25,466 - INFO - ⏳ 尊重访问频率，等待 2.2 秒...
2025-08-11 11:47:31,506 - INFO -       ✅ 成功记录: ‍‌‍‌⁣​⁢​​⁡‬‍⁢⁢⁡‌​​‬﻿⁢⁤⁣‬​‌​​﻿​‬⁡‬​⁡​​‌⁢⁤⁢‌﻿‬⁣⁤​⁢测试...
2025-08-11 11:47:33,337 - INFO -       📄 [4-9] 处理: 跨域项目规范
2025-08-11 11:47:33,337 - INFO - ⏳ 尊重访问频率，等待 4.7 秒...
2025-08-11 11:47:41,693 - INFO -       ✅ 成功记录: ﻿​⁡﻿⁡⁤⁡‌‬⁣‬⁡​‌‍⁢⁡​⁢⁡⁤⁡⁤⁣⁤⁢​⁣⁢‌⁢​‍﻿​⁤⁡⁡​​⁡﻿﻿⁢‬⁣​‌‬跨...
2025-08-11 11:47:43,609 - INFO -       ✅ 第 4 层遍历完成
2025-08-11 11:47:43,609 - INFO -     📄 [3-13] 处理: 平台基础-新人手册
2025-08-11 11:47:43,609 - INFO - ⏳ 尊重访问频率，等待 4.8 秒...
2025-08-11 11:47:52,086 - INFO -     ✅ 成功记录: ‌⁤⁢⁡‬⁡⁤​‌‍‬⁡‬‌⁣⁤‌​​​⁣⁤‬﻿﻿‍‬⁤​‌​‬​‍﻿⁡⁢⁤‍﻿⁣‍‌⁣‬⁤​​‌平...
2025-08-11 11:47:53,933 - INFO -     🔍 发现更深层目录，开始递归...
2025-08-11 11:47:53,933 - INFO -       🌲 开始第 4 层目录遍历...
2025-08-11 11:47:54,714 - INFO -       📋 第 4 层发现 10 个新目录项
2025-08-11 11:47:54,714 - INFO -       📄 [4-1] 处理: 基础系统与规范导航
2025-08-11 11:47:54,714 - INFO - ⏳ 尊重访问频率，等待 3.3 秒...
2025-08-11 11:48:01,850 - INFO -       ✅ 成功记录: ‌⁡⁤⁤⁤‍‍​⁢⁤‌​﻿​⁣﻿​﻿‍​⁢‍‍⁣​⁡​﻿⁤‌⁣‌‍‍⁢​⁣⁢‍⁣‍⁡⁤‍‬​﻿⁡⁡⁢...
2025-08-11 11:48:03,677 - INFO -       📄 [4-2] 处理: [CICD]流水线使用手册(已下线)
2025-08-11 11:48:03,677 - INFO - ⏳ 尊重访问频率，等待 5.0 秒...
2025-08-11 11:48:12,558 - INFO -       ✅ 成功记录: ⁡⁡⁤‌‍⁢﻿​﻿‍​⁡​​⁤​﻿​​​‬⁡⁡⁡﻿⁡‌⁣‬‬⁡﻿​⁣⁣​‌​⁢‬‍⁤﻿‍‍​⁣⁣⁢[...
2025-08-11 11:48:14,449 - INFO -       📄 [4-3] 处理: [CICD]常见问题
2025-08-11 11:48:14,449 - INFO - ⏳ 尊重访问频率，等待 2.1 秒...
2025-08-11 11:48:20,233 - INFO -       ✅ 成功记录: ‌⁤​​‍‌﻿‬⁢⁡⁢⁤​‬﻿​⁤⁣‌‍‍​﻿​⁣⁤‌​​⁡​‌⁡⁣⁣‍⁤‌​⁤‌‬⁤‍​‬⁤‌⁣‍...
2025-08-11 11:48:22,048 - INFO -       📄 [4-4] 处理: [CICD]发布与回滚
2025-08-11 11:48:22,048 - INFO - ⏳ 尊重访问频率，等待 4.3 秒...
2025-08-11 11:48:26,374 - WARNING -       ⚠️ 无法重新定位元素: [CICD]发布与回滚
2025-08-11 11:48:26,374 - INFO -       📄 [4-5] 处理: [CICD]CDN刷新
2025-08-11 11:48:26,374 - INFO - ⏳ 尊重访问频率，等待 3.7 秒...
2025-08-11 11:48:30,105 - WARNING -       ⚠️ 无法重新定位元素: [CICD]CDN刷新
2025-08-11 11:48:30,106 - INFO -       📄 [4-6] 处理: [VPN] 开通与使用说明
2025-08-11 11:48:30,106 - INFO - ⏳ 尊重访问频率，等待 3.6 秒...
2025-08-11 11:48:33,750 - WARNING -       ⚠️ 无法重新定位元素: [VPN] 开通与使用说明
2025-08-11 11:48:33,751 - INFO -       📄 [4-7] 处理: [监控] grafana 监控使用手册（RDS版）
2025-08-11 11:48:33,751 - INFO - ⏳ 尊重访问频率，等待 3.5 秒...
2025-08-11 11:48:37,253 - WARNING -       ⚠️ 无法重新定位元素: [监控] grafana 监控使用手册（RDS版）
2025-08-11 11:48:37,253 - INFO -       📄 [4-8] 处理: 运维系统权限分配表
2025-08-11 11:48:37,254 - INFO - ⏳ 尊重访问频率，等待 4.3 秒...
2025-08-11 11:48:41,591 - WARNING -       ⚠️ 无法重新定位元素: 运维系统权限分配表
2025-08-11 11:48:41,592 - INFO -       📄 [4-9] 处理: [阿里云] RAM 域名清单
2025-08-11 11:48:41,592 - INFO - ⏳ 尊重访问频率，等待 4.6 秒...
2025-08-11 11:48:46,255 - WARNING -       ⚠️ 无法重新定位元素: [阿里云] RAM 域名清单
2025-08-11 11:48:46,255 - INFO -       📄 [4-10] 处理: 直达🚀运维知识库
2025-08-11 11:48:46,256 - INFO - ⏳ 尊重访问频率，等待 4.0 秒...
2025-08-11 11:48:50,296 - WARNING -       ⚠️ 无法重新定位元素: 直达🚀运维知识库
2025-08-11 11:48:50,296 - INFO -       ✅ 第 4 层遍历完成
2025-08-11 11:48:50,296 - INFO -     📄 [3-14] 处理: 技术文档汇总-xx版
2025-08-11 11:48:50,296 - INFO - ⏳ 尊重访问频率，等待 3.4 秒...
2025-08-11 11:48:53,754 - WARNING -     ⚠️ 无法重新定位元素: 技术文档汇总-xx版
2025-08-11 11:48:53,754 - INFO -     ✅ 第 3 层遍历完成
2025-08-11 11:48:53,754 - INFO -   📄 [2-11] 处理: 新人培养计划
2025-08-11 11:48:53,755 - INFO - ⏳ 尊重访问频率，等待 4.8 秒...
2025-08-11 11:48:58,593 - WARNING -   ⚠️ 无法重新定位元素: 新人培养计划
2025-08-11 11:48:58,593 - INFO -   📄 [2-12] 处理: 新人必读
2025-08-11 11:48:58,593 - INFO - ⏳ 尊重访问频率，等待 2.3 秒...
2025-08-11 11:49:00,943 - WARNING -   ⚠️ 无法重新定位元素: 新人必读
2025-08-11 11:49:00,943 - INFO -   📄 [2-13] 处理: 组织文化
2025-08-11 11:49:00,943 - INFO - ⏳ 尊重访问频率，等待 4.1 秒...
2025-08-11 11:49:05,097 - WARNING -   ⚠️ 无法重新定位元素: 组织文化
2025-08-11 11:49:05,098 - INFO -   ✅ 第 2 层遍历完成
2025-08-11 11:49:05,098 - INFO - 📄 [1-2] 处理: 工作规划
2025-08-11 11:49:05,098 - INFO - ⏳ 尊重访问频率，等待 3.1 秒...
2025-08-11 11:49:08,216 - WARNING - ⚠️ 无法重新定位元素: 工作规划
2025-08-11 11:49:08,217 - INFO - 📄 [1-3] 处理: 产研工作制度
2025-08-11 11:49:08,217 - INFO - ⏳ 尊重访问频率，等待 4.3 秒...
2025-08-11 11:49:12,545 - WARNING - ⚠️ 无法重新定位元素: 产研工作制度
2025-08-11 11:49:12,545 - INFO - 📄 [1-4] 处理: 产研团队管理
2025-08-11 11:49:12,545 - INFO - ⏳ 尊重访问频率，等待 3.7 秒...
2025-08-11 11:49:16,288 - WARNING - ⚠️ 无法重新定位元素: 产研团队管理
2025-08-11 11:49:16,289 - INFO - 📄 [1-5] 处理: 项目管理
2025-08-11 11:49:16,289 - INFO - ⏳ 尊重访问频率，等待 3.9 秒...
2025-08-11 11:49:20,210 - WARNING - ⚠️ 无法重新定位元素: 项目管理
2025-08-11 11:49:20,211 - INFO - 📄 [1-6] 处理: 服务端
2025-08-11 11:49:20,211 - INFO - ⏳ 尊重访问频率，等待 4.8 秒...
2025-08-11 11:49:24,978 - WARNING - ⚠️ 无法重新定位元素: 服务端
2025-08-11 11:49:24,979 - INFO - 📄 [1-7] 处理: 服务端 [原知识库-语雀合并]
2025-08-11 11:49:24,979 - INFO - ⏳ 尊重访问频率，等待 2.7 秒...
2025-08-11 11:49:27,718 - WARNING - ⚠️ 无法重新定位元素: 服务端 [原知识库-语雀合并]
2025-08-11 11:49:27,718 - INFO - 📄 [1-8] 处理: 运维指南[原知识库-语雀合并]
2025-08-11 11:49:27,718 - INFO - ⏳ 尊重访问频率，等待 3.5 秒...
2025-08-11 11:49:31,175 - WARNING - ⚠️ 无法重新定位元素: 运维指南[原知识库-语雀合并]
2025-08-11 11:49:31,176 - INFO - 📄 [1-9] 处理: 大数据
2025-08-11 11:49:31,176 - INFO - ⏳ 尊重访问频率，等待 4.5 秒...
2025-08-11 11:49:35,700 - WARNING - ⚠️ 无法重新定位元素: 大数据
2025-08-11 11:49:35,700 - INFO - 📄 [1-10] 处理: 前端
2025-08-11 11:49:35,700 - INFO - ⏳ 尊重访问频率，等待 2.0 秒...
2025-08-11 11:49:37,757 - WARNING - ⚠️ 无法重新定位元素: 前端
2025-08-11 11:49:37,758 - INFO - 📄 [1-11] 处理: 测试
2025-08-11 11:49:37,758 - INFO - ⏳ 尊重访问频率，等待 4.3 秒...
2025-08-11 11:49:42,027 - WARNING - ⚠️ 无法重新定位元素: 测试
2025-08-11 11:49:42,027 - INFO - 📄 [1-12] 处理: 部门文化
2025-08-11 11:49:42,027 - INFO - ⏳ 尊重访问频率，等待 4.0 秒...
2025-08-11 11:49:45,985 - WARNING - ⚠️ 无法重新定位元素: 部门文化
2025-08-11 11:49:45,986 - INFO - 📄 [1-13] 处理: 技术空间
2025-08-11 11:49:45,986 - INFO - ⏳ 尊重访问频率，等待 3.3 秒...
2025-08-11 11:49:49,253 - WARNING - ⚠️ 无法重新定位元素: 技术空间
2025-08-11 11:49:49,253 - INFO - 📄 [1-14] 处理: 专项项目
2025-08-11 11:49:49,253 - INFO - ⏳ 尊重访问频率，等待 3.9 秒...
2025-08-11 11:49:53,157 - WARNING - ⚠️ 无法重新定位元素: 专项项目
2025-08-11 11:49:53,157 - INFO - 📄 [1-15] 处理: 技术分享——所有的一鸣惊人，其实都是厚积薄发
2025-08-11 11:49:53,157 - INFO - ⏳ 尊重访问频率，等待 4.0 秒...
2025-08-11 11:49:57,215 - WARNING - ⚠️ 无法重新定位元素: 技术分享——所有的一鸣惊人，其实都是厚积薄发
2025-08-11 11:49:57,216 - INFO - 📄 [1-16] 处理: 技术专利创新奖励办法
2025-08-11 11:49:57,216 - INFO - ⏳ 尊重访问频率，等待 4.9 秒...
2025-08-11 11:50:02,163 - WARNING - ⚠️ 无法重新定位元素: 技术专利创新奖励办法
2025-08-11 11:50:02,164 - INFO - 📄 [1-17] 处理: 遥望技术学院
2025-08-11 11:50:02,164 - INFO - ⏳ 尊重访问频率，等待 4.7 秒...
2025-08-11 11:50:06,916 - WARNING - ⚠️ 无法重新定位元素: 遥望技术学院
2025-08-11 11:50:06,918 - INFO - 📄 [1-18] 处理: Prompt培训
2025-08-11 11:50:06,918 - INFO - ⏳ 尊重访问频率，等待 2.9 秒...
2025-08-11 11:50:09,788 - WARNING - ⚠️ 无法重新定位元素: Prompt培训
2025-08-11 11:50:09,789 - INFO - 📄 [1-19] 处理: 需求立项管理
2025-08-11 11:50:09,789 - INFO - ⏳ 尊重访问频率，等待 4.6 秒...
2025-08-11 14:11:21,958 - INFO - ✅ 成功连接Chrome，当前页面: ‌﻿⁡⁢​​‌⁡⁤⁣⁢‬​​​‌​⁣‬‍⁡⁤⁢‍⁤⁡‍‍⁣﻿‬⁣​‌‬⁡⁤⁢⁤⁣⁢‍⁡﻿⁣‍​⁢​​新人园地-通关宝典 - 飞书云文档
2025-08-11 14:11:21,958 - INFO - 🚀 开始遍历知识库目录...
2025-08-11 14:11:21,958 - INFO - 严格遵循2-5秒访问间隔，尊重访问权限
2025-08-11 14:11:21,958 - INFO - 🌲 支持多层级目录递归遍历
2025-08-11 14:11:21,962 - WARNING - ⚠️ 检测到当前是文档详情页面，不适合批量遍历
2025-08-11 14:11:21,962 - INFO - ==================================================
2025-08-11 14:11:21,962 - INFO - 📍 您需要导航到【知识库目录页面】才能使用此工具
2025-08-11 14:11:21,962 - INFO - ==================================================
2025-08-11 14:11:21,962 - INFO - 🎯 正确的页面应该具备以下特征:
2025-08-11 14:11:21,962 - INFO -    ✓ 页面显示文件/文档列表，而不是单个文档内容
2025-08-11 14:11:21,962 - INFO -    ✓ 左侧有完整的目录树结构，包含多个文件夹和文档
2025-08-11 14:11:21,962 - INFO -    ✓ 页面中应该有几十个或更多的文档链接
2025-08-11 14:11:21,962 - INFO -    ✓ URL通常不包含'?'查询参数，或是知识库主页
2025-08-11 14:11:21,962 - INFO - 
2025-08-11 14:11:21,962 - INFO - 🔧 具体操作步骤:
2025-08-11 14:11:21,962 - INFO -    1. 点击浏览器的【返回】按钮
2025-08-11 14:11:21,962 - INFO -    2. 或点击页面顶部的知识库名称返回主页
2025-08-11 14:11:21,962 - INFO -    3. 或在地址栏中删除'?'后面的所有参数
2025-08-11 14:11:21,962 - INFO -    4. 确保能看到文档列表视图（表格或卡片形式）
2025-08-11 14:11:21,962 - INFO - 
2025-08-11 14:11:21,963 - INFO - 📄 当前页面: ‌﻿⁡⁢​​‌⁡⁤⁣⁢‬​​​‌​⁣‬‍⁡⁤⁢‍⁤⁡‍‍⁣﻿‬⁣​‌‬⁡⁤⁢⁤⁣⁢‍⁡﻿⁣‍​⁢​​新人园地-通关宝典 - 飞书云文档
2025-08-11 14:11:21,963 - INFO - 🔗 当前URL: https://zh3vobp856.feishu.cn/wiki/JPGPwwEBIirtlqkNF9gcIqYtn1f?fromScene=spaceOverview
2025-08-11 14:11:21,963 - INFO - ==================================================
2025-08-11 14:11:21,963 - INFO - 🌲 开始第 1 层目录遍历...
2025-08-11 14:11:22,321 - INFO - 📋 第 1 层发现 28 个新目录项
2025-08-11 14:11:22,321 - INFO - 📄 [1-1] 处理: 新人园地-通关宝典
2025-08-11 14:11:25,978 - INFO - ✅ 成功记录: ‌﻿⁡⁢​​‌⁡⁤⁣⁢‬​​​‌​⁣‬‍⁡⁤⁢‍⁤⁡‍‍⁣﻿‬⁣​‌‬⁡⁤⁢⁤⁣⁢‍⁡﻿⁣‍​⁢​​...
2025-08-11 14:11:27,519 - INFO - 🔍 发现更深层目录，开始递归...
2025-08-11 14:11:27,519 - INFO -   🌲 开始第 2 层目录遍历...
2025-08-11 14:11:28,048 - INFO -   📋 第 2 层发现 41 个新目录项
2025-08-11 14:11:28,048 - INFO -   📄 [2-1] 处理: 新人需知
2025-08-11 14:11:28,048 - INFO - ⏳ 尊重访问频率，等待 4.7 秒...
2025-08-11 14:11:36,590 - INFO -   ✅ 成功记录: ‌‌​‌​⁣⁢‬‌⁢​‌⁢‬​⁣﻿‬⁣‬​⁣﻿‍⁢‍​⁣⁡⁣⁣‍⁣​⁡﻿‍⁢⁢⁢﻿﻿⁤⁡‌‍‍⁤新人...
2025-08-11 14:11:38,246 - INFO -   📄 [2-2] 处理: 新人办公小贴士
2025-08-11 14:11:38,246 - INFO - ⏳ 尊重访问频率，等待 4.0 秒...
2025-08-11 14:11:45,898 - INFO -   ✅ 成功记录: 新人办公小贴士 - 飞书云文档...
2025-08-11 14:11:47,410 - INFO -   📄 [2-3] 处理: 飞书空间权限说明
2025-08-11 14:11:47,410 - INFO - ⏳ 尊重访问频率，等待 4.0 秒...
2025-08-11 14:21:47,953 - INFO - ✅ 成功连接Chrome，当前页面: 新人办公小贴士 - 飞书云文档
2025-08-11 14:21:47,954 - INFO - 🚀 开始遍历知识库目录...
2025-08-11 14:21:47,954 - INFO - 严格遵循2-5秒访问间隔，尊重访问权限
2025-08-11 14:21:47,954 - INFO - 🌲 支持多层级目录递归遍历
2025-08-11 14:21:47,959 - WARNING - ⚠️ 检测到当前是文档详情页面，不适合批量遍历
2025-08-11 14:21:47,959 - INFO - ==================================================
2025-08-11 14:21:47,959 - INFO - 📍 您需要导航到【知识库目录页面】才能使用此工具
2025-08-11 14:21:47,959 - INFO - ==================================================
2025-08-11 14:21:47,959 - INFO - 🎯 正确的页面应该具备以下特征:
2025-08-11 14:21:47,959 - INFO -    ✓ 页面显示文件/文档列表，而不是单个文档内容
2025-08-11 14:21:47,959 - INFO -    ✓ 左侧有完整的目录树结构，包含多个文件夹和文档
2025-08-11 14:21:47,959 - INFO -    ✓ 页面中应该有几十个或更多的文档链接
2025-08-11 14:21:47,959 - INFO -    ✓ URL通常不包含'?'查询参数，或是知识库主页
2025-08-11 14:21:47,959 - INFO - 
2025-08-11 14:21:47,959 - INFO - 🔧 具体操作步骤:
2025-08-11 14:21:47,959 - INFO -    1. 点击浏览器的【返回】按钮
2025-08-11 14:21:47,959 - INFO -    2. 或点击页面顶部的知识库名称返回主页
2025-08-11 14:21:47,960 - INFO -    3. 或在地址栏中删除'?'后面的所有参数
2025-08-11 14:21:47,960 - INFO -    4. 确保能看到文档列表视图（表格或卡片形式）
2025-08-11 14:21:47,960 - INFO - 
2025-08-11 14:21:47,960 - INFO - 📄 当前页面: 新人办公小贴士 - 飞书云文档
2025-08-11 14:21:47,960 - INFO - 🔗 当前URL: https://zh3vobp856.feishu.cn/wiki/BrNlwFEVFiehJVkJHX3cURtjnTg?fromScene=spaceOverview
2025-08-11 14:21:47,960 - INFO - ==================================================
2025-08-11 14:21:47,960 - INFO - 🌲 开始第 1 层目录遍历...
2025-08-11 14:21:48,480 - INFO - 📋 第 1 层发现 28 个新目录项
2025-08-11 14:21:48,480 - INFO - 📄 [1-1] 处理: 新人园地-通关宝典
2025-08-11 14:21:52,358 - INFO - ✅ 成功记录: ‌​⁣‌⁣‌​​⁢‍​⁡⁡‌⁡​​⁢﻿﻿​⁢‍⁣﻿⁡‍⁤‍​⁣‌​⁡⁣‍​‍‬⁡‬⁡​⁡⁢‬﻿‌‌‍...
2025-08-11 14:21:53,979 - INFO - 🔍 发现更深层目录，开始递归...
2025-08-11 14:21:53,979 - INFO -   🌲 开始第 2 层目录遍历...
2025-08-11 14:21:54,488 - INFO -   📋 第 2 层发现 41 个新目录项
2025-08-11 14:21:54,488 - INFO -   📄 [2-1] 处理: 新人需知
2025-08-11 14:21:54,488 - INFO - ⏳ 尊重访问频率，等待 2.5 秒...
2025-08-11 14:22:00,766 - INFO -   ✅ 成功记录: ‌​⁣‌⁢⁤‍﻿⁤﻿﻿​​﻿‍﻿⁡‍﻿⁤​​⁡⁢⁡⁣‍‌​⁢﻿‍⁤‬⁢‍⁡⁢​‬‬﻿⁣​⁤⁡⁢﻿‌⁢...
2025-08-11 14:22:02,419 - INFO -   📄 [2-2] 处理: 新人办公小贴士
2025-08-11 14:22:02,419 - INFO - ⏳ 尊重访问频率，等待 3.2 秒...
2025-08-11 14:57:18,649 - INFO - ✅ 成功连接Chrome，当前页面: ‌⁢‍​⁢⁣‍⁤​‬⁣⁤⁢​⁣‌⁤⁡‬​‬⁡​​⁡﻿﻿⁣‌⁤⁡​​﻿⁢​​﻿‌​​‬‬⁢​‍‍⁢‌⁤飞书空间权限说明 - 飞书云文档
2025-08-11 14:57:18,649 - INFO - 🚀 开始遍历知识库目录...
2025-08-11 14:57:18,649 - INFO - 严格遵循2-5秒访问间隔，尊重访问权限
2025-08-11 14:57:18,649 - INFO - 🌲 支持多层级目录递归遍历
2025-08-11 14:57:18,654 - WARNING - ⚠️ 检测到当前是文档详情页面，不适合批量遍历
2025-08-11 14:57:18,654 - INFO - ==================================================
2025-08-11 14:57:18,654 - INFO - 📍 您需要导航到【知识库目录页面】才能使用此工具
2025-08-11 14:57:18,654 - INFO - ==================================================
2025-08-11 14:57:18,654 - INFO - 🎯 正确的页面应该具备以下特征:
2025-08-11 14:57:18,654 - INFO -    ✓ 页面显示文件/文档列表，而不是单个文档内容
2025-08-11 14:57:18,654 - INFO -    ✓ 左侧有完整的目录树结构，包含多个文件夹和文档
2025-08-11 14:57:18,654 - INFO -    ✓ 页面中应该有几十个或更多的文档链接
2025-08-11 14:57:18,654 - INFO -    ✓ URL通常不包含'?'查询参数，或是知识库主页
2025-08-11 14:57:18,654 - INFO - 
2025-08-11 14:57:18,654 - INFO - 🔧 具体操作步骤:
2025-08-11 14:57:18,655 - INFO -    1. 点击浏览器的【返回】按钮
2025-08-11 14:57:18,655 - INFO -    2. 或点击页面顶部的知识库名称返回主页
2025-08-11 14:57:18,655 - INFO -    3. 或在地址栏中删除'?'后面的所有参数
2025-08-11 14:57:18,655 - INFO -    4. 确保能看到文档列表视图（表格或卡片形式）
2025-08-11 14:57:18,655 - INFO - 
2025-08-11 14:57:18,655 - INFO - 📄 当前页面: ‌⁢‍​⁢⁣‍⁤​‬⁣⁤⁢​⁣‌⁤⁡‬​‬⁡​​⁡﻿﻿⁣‌⁤⁡​​﻿⁢​​﻿‌​​‬‬⁢​‍‍⁢‌⁤飞书空间权限说明 - 飞书云文档
2025-08-11 14:57:18,655 - INFO - 🔗 当前URL: https://zh3vobp856.feishu.cn/wiki/ZVRTwSEQvi9m6Nk5iJEcVsbgnhc?fromScene=spaceOverview
2025-08-11 14:57:18,655 - INFO - ==================================================
2025-08-11 14:57:18,655 - INFO - 🌲 开始第 1 层目录遍历...
2025-08-11 14:57:19,005 - INFO - 📋 第 1 层发现 28 个新目录项
2025-08-11 14:57:19,005 - INFO - 📄 [1] 处理: 新人园地-通关宝典
2025-08-11 14:57:22,989 - INFO - ✅ 成功记录: ‌‍⁡‍​‌‌​⁤​‬‬⁢‌‬⁢​⁢﻿​﻿⁢⁢⁣‬‌⁤‌﻿​⁡​​⁢⁤⁢‌⁢​⁣⁤⁢‌‍​​﻿‌‌⁤...
2025-08-11 14:57:24,650 - INFO - 🔍 发现更深层目录，开始递归...
2025-08-11 14:57:24,651 - INFO -   🌲 开始第 2 层目录遍历...
2025-08-11 14:57:25,106 - INFO -   📋 第 2 层发现 41 个新目录项
2025-08-11 14:57:25,106 - INFO -   📄 [1-1] 处理: 新人需知
2025-08-11 14:57:25,106 - INFO - ⏳ 尊重访问频率，等待 4.2 秒...
2025-08-11 14:57:33,135 - INFO -   ✅ 成功记录: ‌⁡​​‌​⁣﻿‍​⁣﻿​‬⁢​‌⁢‬​‍‬⁡‬⁡⁣‌‬‬⁢‌⁢‌​⁤⁡​‬﻿​​⁡⁤⁣⁣⁤⁤‬新人...
2025-08-11 14:57:34,623 - INFO -   📄 [1-2] 处理: 新人办公小贴士
2025-08-11 14:57:34,623 - INFO - ⏳ 尊重访问频率，等待 2.9 秒...
2025-08-11 14:57:41,392 - INFO -   ✅ 成功记录: ‍‌⁤​‍‍⁢⁡⁢‍⁣⁡‍﻿⁢‬⁣⁤⁣⁤⁣‍⁡⁡‬⁤﻿‍﻿⁢‍‍​﻿⁡‌⁢‌​​‌​​​‬⁡​​​⁡...
2025-08-11 14:57:42,886 - INFO -   📄 [1-3] 处理: 飞书空间权限说明
2025-08-11 14:57:42,886 - INFO - ⏳ 尊重访问频率，等待 4.3 秒...
2025-08-11 14:57:50,987 - INFO -   ✅ 成功记录: ﻿​‌‍​​‬‬​⁡​​⁣⁡⁣﻿﻿​‬‬‬​⁢‌﻿​​⁡‌⁢​‬‌‬⁤⁢⁡⁢‬‍​⁢⁤‬​‍⁤​⁢飞...
2025-08-11 14:57:52,484 - INFO -   📄 [1-4] 处理: 语雀空间权限说明
2025-08-11 14:57:52,484 - INFO - ⏳ 尊重访问频率，等待 3.7 秒...
2025-08-11 14:57:59,969 - INFO -   ✅ 成功记录: ‌​﻿‌⁢⁤⁢‌⁢​‌​‍⁡​​‬⁢‍⁤​﻿​﻿​‍‌​⁡‬﻿⁢​​​﻿​​⁡⁤﻿⁣‍⁡‬⁣⁤⁡⁣‬...
2025-08-11 14:58:01,578 - INFO -   📄 [1-5] 处理: 办公设备申请标准
2025-08-11 14:58:01,578 - INFO - ⏳ 尊重访问频率，等待 4.9 秒...
2025-08-11 14:58:10,250 - INFO -   ✅ 成功记录: ‌​﻿⁡‍‌‍﻿⁢﻿⁤​‌⁡⁣‍⁢​‬⁡‍⁡﻿⁣⁢‬⁣⁡‍​⁣⁡‍⁢⁤⁡⁢⁡‍‬​‍​﻿​​⁢‍‌‌...
2025-08-11 14:58:11,777 - INFO -   📄 [1-6] 处理: 【绑定打印机】使用教程终（加域版）
2025-08-11 14:58:11,777 - INFO - ⏳ 尊重访问频率，等待 2.3 秒...
2025-08-11 15:09:59,480 - INFO - ✅ 成功连接Chrome，当前页面: ‍​⁢​‬‬​﻿⁣‌‬‌​⁤‍‌​‍⁣⁢⁢﻿‬⁤‬⁤​‍‍⁢﻿﻿⁣‌⁡⁣⁡​⁤‌⁣⁣‬​‍⁣​⁢新人园地-通关宝典 - 飞书云文档
2025-08-11 15:09:59,482 - INFO - 🚀 开始遍历知识库目录...
2025-08-11 15:09:59,482 - INFO - 严格遵循2-5秒访问间隔，尊重访问权限
2025-08-11 15:09:59,482 - INFO - 🌲 支持多层级目录递归遍历
2025-08-11 15:09:59,487 - WARNING - ⚠️ 检测到当前是文档详情页面，不适合批量遍历
2025-08-11 15:09:59,487 - INFO - ==================================================
2025-08-11 15:09:59,488 - INFO - 📍 您需要导航到【知识库目录页面】才能使用此工具
2025-08-11 15:09:59,488 - INFO - ==================================================
2025-08-11 15:09:59,488 - INFO - 🎯 正确的页面应该具备以下特征:
2025-08-11 15:09:59,488 - INFO -    ✓ 页面显示文件/文档列表，而不是单个文档内容
2025-08-11 15:09:59,488 - INFO -    ✓ 左侧有完整的目录树结构，包含多个文件夹和文档
2025-08-11 15:09:59,488 - INFO -    ✓ 页面中应该有几十个或更多的文档链接
2025-08-11 15:09:59,488 - INFO -    ✓ URL通常不包含'?'查询参数，或是知识库主页
2025-08-11 15:09:59,488 - INFO - 
2025-08-11 15:09:59,489 - INFO - 🔧 具体操作步骤:
2025-08-11 15:09:59,489 - INFO -    1. 点击浏览器的【返回】按钮
2025-08-11 15:09:59,525 - INFO -    2. 或点击页面顶部的知识库名称返回主页
2025-08-11 15:09:59,525 - INFO -    3. 或在地址栏中删除'?'后面的所有参数
2025-08-11 15:09:59,525 - INFO -    4. 确保能看到文档列表视图（表格或卡片形式）
2025-08-11 15:09:59,525 - INFO - 
2025-08-11 15:09:59,525 - INFO - 📄 当前页面: ‍​⁢​‬‬​﻿⁣‌‬‌​⁤‍‌​‍⁣⁢⁢﻿‬⁤‬⁤​‍‍⁢﻿﻿⁣‌⁡⁣⁡​⁤‌⁣⁣‬​‍⁣​⁢新人园地-通关宝典 - 飞书云文档
2025-08-11 15:09:59,525 - INFO - 🔗 当前URL: https://zh3vobp856.feishu.cn/wiki/JPGPwwEBIirtlqkNF9gcIqYtn1f?fromScene=spaceOverview
2025-08-11 15:09:59,525 - INFO - ==================================================
2025-08-11 15:09:59,525 - INFO - 🌲 开始第 1 层目录遍历...
2025-08-11 15:09:59,963 - INFO - 📋 第 1 层发现 28 个新目录项
2025-08-11 15:09:59,963 - INFO - 📄 [1] 处理: 新人园地-通关宝典
2025-08-11 15:10:03,610 - INFO - ✅ 成功记录: ‍​⁢​‬‬​﻿⁣‌‬‌​⁤‍‌​‍⁣⁢⁢﻿‬⁤‬⁤​‍‍⁢﻿﻿⁣‌⁡⁣⁡​⁤‌⁣⁣‬​‍⁣​⁢新人...
2025-08-11 15:10:05,106 - INFO - 🔍 发现 新人园地-通关宝典 的子目录，开始递归...
2025-08-11 15:10:05,106 - INFO -   🌲 开始第 2 层目录遍历...
2025-08-11 15:10:05,566 - INFO -   📋 第 2 层发现 41 个新目录项
2025-08-11 15:10:05,566 - INFO -   📄 [1-1] 处理: 新人需知
2025-08-11 15:10:05,566 - INFO - ⏳ 尊重访问频率，等待 4.0 秒...
2025-08-11 15:10:13,158 - INFO -   ✅ 成功记录: ‍⁢⁤‬⁣‌⁢‍⁤‍​⁢⁡​⁤﻿​‍⁣​⁣⁤​⁢‍﻿‍⁡⁣⁢⁤‍﻿⁤​‬‍​​‬⁣​⁤‌﻿﻿​﻿⁢⁣...
2025-08-11 15:10:14,854 - INFO -   📄 [1-2] 处理: 新人办公小贴士
2025-08-11 15:10:14,854 - INFO - ⏳ 尊重访问频率，等待 3.8 秒...
2025-08-11 15:10:22,488 - INFO -   ✅ 成功记录: ‌‍⁤⁣​​⁡‬⁣⁣⁢‍⁡⁣⁣⁤‌⁢⁢⁡⁤﻿‌‬⁡‬‬⁡﻿​‍‬​⁢​‬﻿‌‬⁢‌﻿​⁡⁢‬⁡⁡‌⁢...
2025-08-11 15:10:23,992 - INFO -   📄 [1-3] 处理: 飞书空间权限说明
2025-08-11 15:10:23,992 - INFO - ⏳ 尊重访问频率，等待 2.8 秒...
2025-08-11 15:10:30,636 - INFO -   ✅ 成功记录: ⁡‬⁤⁤⁡‍‍​​‬‬‍‌⁡‍‬​​⁢‌‍⁣⁣﻿‍​‌﻿⁤‍⁢‌​⁡‬‬⁡⁡​﻿​⁣​⁢﻿⁤‍﻿‍飞...
2025-08-11 15:10:32,124 - INFO -   📄 [1-4] 处理: 语雀空间权限说明
2025-08-11 15:10:32,124 - INFO - ⏳ 尊重访问频率，等待 4.4 秒...
2025-08-11 15:10:40,275 - INFO -   ✅ 成功记录: ⁣​﻿⁤‍‬​​⁤⁣⁣​⁡‍⁣⁢⁣‍⁢⁤‬‌⁣‌‬‬​‌⁤⁡﻿⁢﻿﻿‍⁣‬​​​⁢⁡​⁢⁢‬‬⁣⁣语...
2025-08-11 15:10:41,780 - INFO -   📄 [1-5] 处理: 办公设备申请标准
2025-08-11 15:10:41,780 - INFO - ⏳ 尊重访问频率，等待 2.9 秒...
2025-08-11 15:10:48,329 - INFO -   ✅ 成功记录: ⁣⁣﻿‌⁢‬​‌‌​⁣⁣⁣⁢​⁤⁣​﻿﻿‍⁡⁡‬﻿​‬﻿‍​﻿⁤﻿﻿⁡⁣‍﻿​‌⁡​‬‌⁡⁢﻿﻿‍办...
2025-08-11 15:10:49,829 - INFO -   📄 [1-6] 处理: 【绑定打印机】使用教程终（加域版）
2025-08-11 15:10:49,829 - INFO - ⏳ 尊重访问频率，等待 3.2 秒...
2025-08-11 15:10:56,867 - INFO -   ✅ 成功记录: ‬⁡⁤⁤​⁡‌﻿‍⁤⁣‌⁢​​⁡⁤⁤⁣​​⁢‬‬⁡⁤‌⁢‬⁡⁢‍‌​⁤﻿​⁤‌​⁣‍⁣⁡⁤​‍‌⁣【...
2025-08-11 15:10:58,362 - INFO -   📄 [1-7] 处理: 福利待遇
2025-08-11 15:10:58,362 - INFO - ⏳ 尊重访问频率，等待 4.7 秒...
2025-08-11 15:11:06,879 - INFO -   ✅ 成功记录: ‌​⁡‍⁣⁣​​﻿⁤‬‍‬​‌‌⁢​⁤⁤⁤⁣‌​⁡​‍⁢⁤‬‌​​​⁤﻿​⁤‬⁤⁣⁢⁡﻿‌​⁤‍﻿​...
2025-08-11 15:11:08,343 - INFO -   📄 [1-8] 处理: FAQ
2025-08-11 15:11:08,343 - INFO - ⏳ 尊重访问频率，等待 3.8 秒...
2025-08-11 15:11:15,798 - INFO -   ✅ 成功记录: ‍⁡‬⁣‍⁡‬⁢‌‌﻿‌‍​​​﻿​﻿‬﻿​​⁢​⁤​‬​‍﻿​⁡﻿‌‬‌‍‬‬‍​​﻿‍‌‍‍⁣⁤...
2025-08-11 15:11:17,292 - INFO -   📄 [1-9] 处理: 部门初相识
2025-08-11 15:11:17,292 - INFO - ⏳ 尊重访问频率，等待 3.9 秒...
2025-08-11 15:11:25,040 - INFO -   ✅ 成功记录: ‌​‬‍⁣‍⁣‍​​‌⁢⁢⁡⁡﻿⁡⁢⁣​‬⁡​⁡‌‍‌​⁡‬‍⁡‍⁡‬⁣⁢‌​⁡​‬‌‌‬‍‌​⁣‬...
2025-08-11 15:11:26,535 - INFO -   📄 [1-10] 处理: 新人学习文档
2025-08-11 15:11:26,535 - INFO - ⏳ 尊重访问频率，等待 3.2 秒...
2025-08-11 15:11:33,475 - INFO -   ✅ 成功记录: ‌⁣⁤​⁢‬﻿﻿​⁢‍⁡﻿﻿⁢⁣‬⁢​﻿‌⁡⁢​​​⁤‬​﻿⁡⁢⁤​‬‬‌‬⁢​‬﻿⁤‌​‬‌﻿﻿⁡...
2025-08-11 15:11:35,058 - INFO -   📄 [1-11] 处理: 项目管理-新人手册
2025-08-11 15:11:35,058 - INFO - ⏳ 尊重访问频率，等待 3.4 秒...
